{
  "d:\\Work\\tsutsman\\Github\\ts-dustbuster\\cleaner.js": {
    "path": "d:\\Work\\tsutsman\\Github\\ts-dustbuster\\cleaner.js",
    "statementMap": {
      "0": { "start": { "line": 2, "column": 42 }, "end": { "line": 2, "column": 64 } },
      "1": { "start": { "line": 17, "column": 4 }, "end": { "line": 17, "column": 25 } },
      "2": { "start": { "line": 23, "column": 4 }, "end": { "line": 23, "column": 24 } },
      "3": { "start": { "line": 26, "column": 2 }, "end": { "line": 28, "column": 3 } },
      "4": { "start": { "line": 27, "column": 4 }, "end": { "line": 27, "column": 30 } },
      "5": { "start": { "line": 29, "column": 2 }, "end": { "line": 29, "column": 33 } },
      "6": { "start": { "line": 33, "column": 2 }, "end": { "line": 36, "column": 5 } },
      "7": { "start": { "line": 40, "column": 2 }, "end": { "line": 40, "column": 26 } },
      "8": { "start": { "line": 41, "column": 2 }, "end": { "line": 41, "column": 15 } },
      "9": { "start": { "line": 42, "column": 2 }, "end": { "line": 42, "column": 18 } },
      "10": { "start": { "line": 45, "column": 0 }, "end": { "line": 45, "column": 12 } },
      "11": { "start": { "line": 46, "column": 0 }, "end": { "line": 46, "column": 9 } },
      "12": { "start": { "line": 48, "column": 0 }, "end": { "line": 65, "column": 2 } }
    },
    "fnMap": {
      "0": {
        "name": "isRunningAsMain",
        "decl": { "start": { "line": 25, "column": 9 }, "end": { "line": 25, "column": 24 } },
        "loc": { "start": { "line": 25, "column": 27 }, "end": { "line": 30, "column": 1 } },
        "line": 25
      },
      "1": {
        "name": "runCli",
        "decl": { "start": { "line": 32, "column": 9 }, "end": { "line": 32, "column": 15 } },
        "loc": { "start": { "line": 32, "column": 18 }, "end": { "line": 37, "column": 1 } },
        "line": 32
      },
      "2": {
        "name": "resetOptions",
        "decl": { "start": { "line": 39, "column": 9 }, "end": { "line": 39, "column": 21 } },
        "loc": { "start": { "line": 39, "column": 24 }, "end": { "line": 43, "column": 1 } },
        "line": 39
      }
    },
    "branchMap": {
      "0": {
        "loc": { "start": { "line": 26, "column": 2 }, "end": { "line": 28, "column": 3 } },
        "type": "if",
        "locations": [
          { "start": { "line": 26, "column": 2 }, "end": { "line": 28, "column": 3 } },
          { "start": { "line": 26, "column": 2 }, "end": { "line": 28, "column": 3 } }
        ],
        "line": 26
      }
    },
    "s": {
      "0": 0,
      "1": 0,
      "2": 0,
      "3": 0,
      "4": 0,
      "5": 0,
      "6": 0,
      "7": 0,
      "8": 0,
      "9": 0,
      "10": 0,
      "11": 0,
      "12": 0
    },
    "f": { "0": 0, "1": 0, "2": 0 },
    "b": { "0": [0, 0] },
    "all": true
  },
  "d:\\Work\\tsutsman\\Github\\ts-dustbuster\\src\\config.js": {
    "path": "d:\\Work\\tsutsman\\Github\\ts-dustbuster\\src\\config.js",
    "statementMap": {
      "0": { "start": { "line": 1, "column": 11 }, "end": { "line": 1, "column": 24 } },
      "1": { "start": { "line": 2, "column": 13 }, "end": { "line": 2, "column": 28 } },
      "2": { "start": { "line": 3, "column": 13 }, "end": { "line": 3, "column": 28 } },
      "3": { "start": { "line": 4, "column": 18 }, "end": { "line": 4, "column": 36 } },
      "4": { "start": { "line": 5, "column": 26 }, "end": { "line": 5, "column": 49 } },
      "5": { "start": { "line": 6, "column": 14 }, "end": { "line": 6, "column": 31 } },
      "6": { "start": { "line": 8, "column": 26 }, "end": { "line": 8, "column": 61 } },
      "7": { "start": { "line": 9, "column": 20 }, "end": { "line": 9, "column": 29 } },
      "8": { "start": { "line": 10, "column": 28 }, "end": { "line": 22, "column": 2 } },
      "9": { "start": { "line": 25, "column": 2 }, "end": { "line": 25, "column": 38 } },
      "10": { "start": { "line": 29, "column": 2 }, "end": { "line": 29, "column": 58 } },
      "11": { "start": { "line": 33, "column": 2 }, "end": { "line": 35, "column": 3 } },
      "12": { "start": { "line": 34, "column": 4 }, "end": { "line": 34, "column": 16 } },
      "13": { "start": { "line": 36, "column": 2 }, "end": { "line": 41, "column": 3 } },
      "14": { "start": { "line": 37, "column": 4 }, "end": { "line": 39, "column": 5 } },
      "15": { "start": { "line": 38, "column": 6 }, "end": { "line": 38, "column": 18 } },
      "16": { "start": { "line": 40, "column": 4 }, "end": { "line": 40, "column": 34 } },
      "17": { "start": { "line": 42, "column": 2 }, "end": { "line": 44, "column": 3 } },
      "18": { "start": { "line": 43, "column": 4 }, "end": { "line": 43, "column": 16 } },
      "19": { "start": { "line": 45, "column": 18 }, "end": { "line": 45, "column": 30 } },
      "20": { "start": { "line": 46, "column": 2 }, "end": { "line": 48, "column": 3 } },
      "21": { "start": { "line": 47, "column": 4 }, "end": { "line": 47, "column": 16 } },
      "22": { "start": { "line": 49, "column": 16 }, "end": { "line": 49, "column": 51 } },
      "23": { "start": { "line": 50, "column": 2 }, "end": { "line": 52, "column": 3 } },
      "24": { "start": { "line": 51, "column": 4 }, "end": { "line": 51, "column": 16 } },
      "25": { "start": { "line": 53, "column": 17 }, "end": { "line": 53, "column": 39 } },
      "26": { "start": { "line": 54, "column": 15 }, "end": { "line": 54, "column": 46 } },
      "27": { "start": { "line": 55, "column": 22 }, "end": { "line": 61, "column": 3 } },
      "28": { "start": { "line": 62, "column": 21 }, "end": { "line": 62, "column": 38 } },
      "29": { "start": { "line": 63, "column": 2 }, "end": { "line": 65, "column": 3 } },
      "30": { "start": { "line": 64, "column": 4 }, "end": { "line": 64, "column": 16 } },
      "31": { "start": { "line": 66, "column": 2 }, "end": { "line": 66, "column": 29 } },
      "32": { "start": { "line": 70, "column": 2 }, "end": { "line": 73, "column": 3 } },
      "33": { "start": { "line": 71, "column": 4 }, "end": { "line": 71, "column": 26 } },
      "34": { "start": { "line": 72, "column": 4 }, "end": { "line": 72, "column": 16 } },
      "35": { "start": { "line": 74, "column": 17 }, "end": { "line": 74, "column": 37 } },
      "36": { "start": { "line": 75, "column": 2 }, "end": { "line": 78, "column": 3 } },
      "37": { "start": { "line": 76, "column": 4 }, "end": { "line": 76, "column": 84 } },
      "38": { "start": { "line": 77, "column": 4 }, "end": { "line": 77, "column": 17 } },
      "39": { "start": { "line": 79, "column": 2 }, "end": { "line": 79, "column": 26 } },
      "40": { "start": { "line": 80, "column": 2 }, "end": { "line": 80, "column": 14 } },
      "41": { "start": { "line": 84, "column": 2 }, "end": { "line": 86, "column": 3 } },
      "42": { "start": { "line": 85, "column": 4 }, "end": { "line": 85, "column": 17 } },
      "43": { "start": { "line": 87, "column": 2 }, "end": { "line": 90, "column": 3 } },
      "44": { "start": { "line": 88, "column": 4 }, "end": { "line": 88, "column": 29 } },
      "45": { "start": { "line": 89, "column": 4 }, "end": { "line": 89, "column": 16 } },
      "46": { "start": { "line": 91, "column": 17 }, "end": { "line": 91, "column": 80 } },
      "47": { "start": { "line": 92, "column": 2 }, "end": { "line": 95, "column": 3 } },
      "48": { "start": { "line": 93, "column": 4 }, "end": { "line": 93, "column": 89 } },
      "49": { "start": { "line": 94, "column": 4 }, "end": { "line": 94, "column": 17 } },
      "50": { "start": { "line": 96, "column": 21 }, "end": { "line": 96, "column": 39 } },
      "51": { "start": { "line": 97, "column": 2 }, "end": { "line": 100, "column": 3 } },
      "52": { "start": { "line": 98, "column": 4 }, "end": { "line": 98, "column": 95 } },
      "53": { "start": { "line": 99, "column": 4 }, "end": { "line": 99, "column": 17 } },
      "54": { "start": { "line": 101, "column": 2 }, "end": { "line": 101, "column": 33 } },
      "55": { "start": { "line": 102, "column": 2 }, "end": { "line": 104, "column": 3 } },
      "56": { "start": { "line": 103, "column": 4 }, "end": { "line": 103, "column": 26 } },
      "57": { "start": { "line": 105, "column": 2 }, "end": { "line": 105, "column": 14 } },
      "58": { "start": { "line": 109, "column": 19 }, "end": { "line": 109, "column": 86 } },
      "59": { "start": { "line": 110, "column": 2 }, "end": { "line": 112, "column": 3 } },
      "60": { "start": { "line": 111, "column": 4 }, "end": { "line": 111, "column": 35 } },
      "61": { "start": { "line": 116, "column": 19 }, "end": { "line": 116, "column": 86 } },
      "62": { "start": { "line": 117, "column": 2 }, "end": { "line": 119, "column": 3 } },
      "63": { "start": { "line": 118, "column": 4 }, "end": { "line": 118, "column": 36 } },
      "64": { "start": { "line": 123, "column": 2 }, "end": { "line": 134, "column": 4 } },
      "65": { "start": { "line": 138, "column": 2 }, "end": { "line": 149, "column": 4 } },
      "66": { "start": { "line": 153, "column": 2 }, "end": { "line": 155, "column": 3 } },
      "67": { "start": { "line": 154, "column": 4 }, "end": { "line": 154, "column": 100 } },
      "68": { "start": { "line": 156, "column": 2 }, "end": { "line": 169, "column": 5 } },
      "69": { "start": { "line": 157, "column": 4 }, "end": { "line": 161, "column": 5 } },
      "70": { "start": { "line": 158, "column": 6 }, "end": { "line": 160, "column": 8 } },
      "71": { "start": { "line": 162, "column": 20 }, "end": { "line": 162, "column": 31 } },
      "72": { "start": { "line": 163, "column": 4 }, "end": { "line": 167, "column": 5 } },
      "73": { "start": { "line": 164, "column": 6 }, "end": { "line": 166, "column": 8 } },
      "74": { "start": { "line": 168, "column": 4 }, "end": { "line": 168, "column": 19 } },
      "75": { "start": { "line": 173, "column": 2 }, "end": { "line": 175, "column": 3 } },
      "76": { "start": { "line": 174, "column": 4 }, "end": { "line": 174, "column": 21 } },
      "77": { "start": { "line": 176, "column": 2 }, "end": { "line": 178, "column": 3 } },
      "78": { "start": { "line": 177, "column": 4 }, "end": { "line": 177, "column": 96 } },
      "79": { "start": { "line": 179, "column": 2 }, "end": { "line": 179, "column": 15 } },
      "80": { "start": { "line": 183, "column": 2 }, "end": { "line": 185, "column": 3 } },
      "81": { "start": { "line": 184, "column": 4 }, "end": { "line": 184, "column": 21 } },
      "82": { "start": { "line": 186, "column": 2 }, "end": { "line": 188, "column": 3 } },
      "83": { "start": { "line": 187, "column": 4 }, "end": { "line": 187, "column": 16 } },
      "84": { "start": { "line": 189, "column": 2 }, "end": { "line": 191, "column": 3 } },
      "85": { "start": { "line": 190, "column": 4 }, "end": { "line": 190, "column": 94 } },
      "86": { "start": { "line": 192, "column": 18 }, "end": { "line": 192, "column": 30 } },
      "87": { "start": { "line": 193, "column": 2 }, "end": { "line": 193, "column": 89 } },
      "88": { "start": { "line": 197, "column": 2 }, "end": { "line": 199, "column": 3 } },
      "89": { "start": { "line": 198, "column": 4 }, "end": { "line": 198, "column": 21 } },
      "90": { "start": { "line": 200, "column": 2 }, "end": { "line": 202, "column": 3 } },
      "91": { "start": { "line": 201, "column": 4 }, "end": { "line": 201, "column": 16 } },
      "92": { "start": { "line": 203, "column": 2 }, "end": { "line": 205, "column": 3 } },
      "93": { "start": { "line": 204, "column": 4 }, "end": { "line": 204, "column": 79 } },
      "94": { "start": { "line": 206, "column": 17 }, "end": { "line": 206, "column": 37 } },
      "95": { "start": { "line": 207, "column": 2 }, "end": { "line": 209, "column": 3 } },
      "96": { "start": { "line": 208, "column": 4 }, "end": { "line": 208, "column": 81 } },
      "97": { "start": { "line": 210, "column": 2 }, "end": { "line": 210, "column": 16 } },
      "98": { "start": { "line": 214, "column": 2 }, "end": { "line": 216, "column": 3 } },
      "99": { "start": { "line": 215, "column": 4 }, "end": { "line": 215, "column": 21 } },
      "100": { "start": { "line": 217, "column": 2 }, "end": { "line": 219, "column": 3 } },
      "101": { "start": { "line": 218, "column": 4 }, "end": { "line": 218, "column": 16 } },
      "102": { "start": { "line": 220, "column": 17 }, "end": { "line": 220, "column": 80 } },
      "103": { "start": { "line": 221, "column": 2 }, "end": { "line": 223, "column": 3 } },
      "104": { "start": { "line": 222, "column": 4 }, "end": { "line": 222, "column": 91 } },
      "105": { "start": { "line": 224, "column": 2 }, "end": { "line": 226, "column": 3 } },
      "106": { "start": { "line": 225, "column": 4 }, "end": { "line": 225, "column": 87 } },
      "107": { "start": { "line": 227, "column": 2 }, "end": { "line": 227, "column": 16 } },
      "108": { "start": { "line": 231, "column": 30 }, "end": { "line": 233, "column": 3 } },
      "109": { "start": { "line": 235, "column": 2 }, "end": { "line": 272, "column": 4 } },
      "110": { "start": { "line": 276, "column": 17 }, "end": { "line": 276, "column": 40 } },
      "111": { "start": { "line": 278, "column": 2 }, "end": { "line": 282, "column": 3 } },
      "112": { "start": { "line": 279, "column": 4 }, "end": { "line": 281, "column": 5 } },
      "113": { "start": { "line": 280, "column": 6 }, "end": { "line": 280, "column": 90 } },
      "114": { "start": { "line": 284, "column": 2 }, "end": { "line": 289, "column": 3 } },
      "115": { "start": { "line": 285, "column": 17 }, "end": { "line": 287, "column": 5 } },
      "116": { "start": { "line": 286, "column": 6 }, "end": { "line": 286, "column": 79 } },
      "117": { "start": { "line": 288, "column": 4 }, "end": { "line": 288, "column": 30 } },
      "118": { "start": { "line": 291, "column": 2 }, "end": { "line": 296, "column": 3 } },
      "119": { "start": { "line": 292, "column": 20 }, "end": { "line": 294, "column": 5 } },
      "120": { "start": { "line": 293, "column": 6 }, "end": { "line": 293, "column": 79 } },
      "121": { "start": { "line": 295, "column": 4 }, "end": { "line": 295, "column": 36 } },
      "122": { "start": { "line": 298, "column": 2 }, "end": { "line": 298, "column": 62 } },
      "123": { "start": { "line": 299, "column": 2 }, "end": { "line": 299, "column": 65 } },
      "124": { "start": { "line": 300, "column": 2 }, "end": { "line": 300, "column": 67 } },
      "125": { "start": { "line": 301, "column": 2 }, "end": { "line": 301, "column": 63 } },
      "126": { "start": { "line": 302, "column": 2 }, "end": { "line": 302, "column": 59 } },
      "127": { "start": { "line": 303, "column": 2 }, "end": { "line": 303, "column": 74 } },
      "128": { "start": { "line": 304, "column": 2 }, "end": { "line": 304, "column": 77 } },
      "129": { "start": { "line": 305, "column": 2 }, "end": { "line": 305, "column": 65 } },
      "130": { "start": { "line": 307, "column": 2 }, "end": { "line": 307, "column": 16 } },
      "131": { "start": { "line": 311, "column": 2 }, "end": { "line": 313, "column": 3 } },
      "132": { "start": { "line": 312, "column": 4 }, "end": { "line": 312, "column": 88 } },
      "133": { "start": { "line": 315, "column": 18 }, "end": { "line": 315, "column": 34 } },
      "134": { "start": { "line": 316, "column": 17 }, "end": { "line": 316, "column": 45 } },
      "135": { "start": { "line": 317, "column": 23 }, "end": { "line": 317, "column": 44 } },
      "136": { "start": { "line": 318, "column": 25 }, "end": { "line": 318, "column": 27 } },
      "137": { "start": { "line": 320, "column": 25 }, "end": { "line": 320, "column": 49 } },
      "138": { "start": { "line": 322, "column": 2 }, "end": { "line": 331, "column": 3 } },
      "139": { "start": { "line": 323, "column": 4 }, "end": { "line": 323, "column": 28 } },
      "140": { "start": { "line": 325, "column": 4 }, "end": { "line": 325, "column": 40 } },
      "141": { "start": { "line": 326, "column": 4 }, "end": { "line": 330, "column": 5 } },
      "142": { "start": { "line": 327, "column": 6 }, "end": { "line": 327, "column": 64 } },
      "143": { "start": { "line": 328, "column": 6 }, "end": { "line": 328, "column": 63 } },
      "144": { "start": { "line": 329, "column": 6 }, "end": { "line": 329, "column": 59 } },
      "145": { "start": { "line": 333, "column": 19 }, "end": { "line": 333, "column": 21 } },
      "146": { "start": { "line": 334, "column": 25 }, "end": { "line": 343, "column": 3 } },
      "147": { "start": { "line": 335, "column": 4 }, "end": { "line": 342, "column": 5 } },
      "148": { "start": { "line": 336, "column": 6 }, "end": { "line": 336, "column": 28 } },
      "149": { "start": { "line": 338, "column": 6 }, "end": { "line": 338, "column": 28 } },
      "150": { "start": { "line": 339, "column": 6 }, "end": { "line": 339, "column": 38 } },
      "151": { "start": { "line": 340, "column": 6 }, "end": { "line": 340, "column": 37 } },
      "152": { "start": { "line": 341, "column": 6 }, "end": { "line": 341, "column": 38 } },
      "153": { "start": { "line": 345, "column": 2 }, "end": { "line": 355, "column": 3 } },
      "154": { "start": { "line": 346, "column": 4 }, "end": { "line": 346, "column": 28 } },
      "155": { "start": { "line": 348, "column": 4 }, "end": { "line": 354, "column": 5 } },
      "156": { "start": { "line": 349, "column": 6 }, "end": { "line": 353, "column": 7 } },
      "157": { "start": { "line": 350, "column": 8 }, "end": { "line": 350, "column": 32 } },
      "158": { "start": { "line": 352, "column": 8 }, "end": { "line": 352, "column": 48 } },
      "159": { "start": { "line": 357, "column": 18 }, "end": { "line": 357, "column": 27 } },
      "160": { "start": { "line": 358, "column": 2 }, "end": { "line": 367, "column": 3 } },
      "161": { "start": { "line": 359, "column": 23 }, "end": { "line": 359, "column": 47 } },
      "162": { "start": { "line": 360, "column": 4 }, "end": { "line": 362, "column": 5 } },
      "163": { "start": { "line": 361, "column": 6 }, "end": { "line": 361, "column": 15 } },
      "164": { "start": { "line": 363, "column": 4 }, "end": { "line": 363, "column": 28 } },
      "165": { "start": { "line": 364, "column": 4 }, "end": { "line": 366, "column": 5 } },
      "166": { "start": { "line": 365, "column": 6 }, "end": { "line": 365, "column": 24 } },
      "167": { "start": { "line": 369, "column": 2 }, "end": { "line": 371, "column": 4 } },
      "168": { "start": { "line": 375, "column": 17 }, "end": { "line": 375, "column": 44 } },
      "169": { "start": { "line": 376, "column": 2 }, "end": { "line": 378, "column": 3 } },
      "170": { "start": { "line": 377, "column": 4 }, "end": { "line": 377, "column": 23 } },
      "171": { "start": { "line": 379, "column": 2 }, "end": { "line": 379, "column": 14 } },
      "172": { "start": { "line": 383, "column": 21 }, "end": { "line": 383, "column": 44 } },
      "173": { "start": { "line": 384, "column": 2 }, "end": { "line": 386, "column": 3 } },
      "174": { "start": { "line": 385, "column": 4 }, "end": { "line": 385, "column": 86 } },
      "175": { "start": { "line": 389, "column": 2 }, "end": { "line": 395, "column": 3 } },
      "176": { "start": { "line": 390, "column": 4 }, "end": { "line": 390, "column": 35 } },
      "177": { "start": { "line": 392, "column": 4 }, "end": { "line": 394, "column": 6 } },
      "178": { "start": { "line": 397, "column": 2 }, "end": { "line": 399, "column": 3 } },
      "179": { "start": { "line": 398, "column": 4 }, "end": { "line": 398, "column": 85 } },
      "180": { "start": { "line": 401, "column": 17 }, "end": { "line": 401, "column": 58 } },
      "181": { "start": { "line": 402, "column": 2 }, "end": { "line": 404, "column": 3 } },
      "182": { "start": { "line": 403, "column": 4 }, "end": { "line": 403, "column": 18 } },
      "183": { "start": { "line": 406, "column": 2 }, "end": { "line": 406, "column": 26 } },
      "184": { "start": { "line": 408, "column": 2 }, "end": { "line": 473, "column": 3 } },
      "185": { "start": { "line": 410, "column": 4 }, "end": { "line": 416, "column": 5 } },
      "186": { "start": { "line": 411, "column": 6 }, "end": { "line": 411, "column": 48 } },
      "187": { "start": { "line": 413, "column": 6 }, "end": { "line": 415, "column": 8 } },
      "188": { "start": { "line": 418, "column": 16 }, "end": { "line": 418, "column": 54 } },
      "189": { "start": { "line": 420, "column": 4 }, "end": { "line": 446, "column": 5 } },
      "190": { "start": { "line": 421, "column": 6 }, "end": { "line": 439, "column": 7 } },
      "191": { "start": { "line": 422, "column": 8 }, "end": { "line": 422, "column": 51 } },
      "192": { "start": { "line": 423, "column": 13 }, "end": { "line": 439, "column": 7 } },
      "193": { "start": { "line": 424, "column": 8 }, "end": { "line": 424, "column": 51 } },
      "194": { "start": { "line": 426, "column": 8 }, "end": { "line": 438, "column": 9 } },
      "195": { "start": { "line": 427, "column": 10 }, "end": { "line": 427, "column": 53 } },
      "196": { "start": { "line": 429, "column": 10 }, "end": { "line": 437, "column": 11 } },
      "197": { "start": { "line": 430, "column": 12 }, "end": { "line": 430, "column": 55 } },
      "198": { "start": { "line": 432, "column": 12 }, "end": { "line": 436, "column": 14 } },
      "199": { "start": { "line": 441, "column": 6 }, "end": { "line": 445, "column": 8 } },
      "200": { "start": { "line": 448, "column": 4 }, "end": { "line": 450, "column": 5 } },
      "201": { "start": { "line": 449, "column": 6 }, "end": { "line": 449, "column": 87 } },
      "202": { "start": { "line": 452, "column": 20 }, "end": { "line": 452, "column": 44 } },
      "203": { "start": { "line": 453, "column": 22 }, "end": { "line": 453, "column": 45 } },
      "204": { "start": { "line": 455, "column": 4 }, "end": { "line": 462, "column": 5 } },
      "205": { "start": { "line": 456, "column": 22 }, "end": { "line": 456, "column": 81 } },
      "206": { "start": { "line": 457, "column": 6 }, "end": { "line": 461, "column": 7 } },
      "207": { "start": { "line": 458, "column": 27 }, "end": { "line": 458, "column": 60 } },
      "208": { "start": { "line": 459, "column": 23 }, "end": { "line": 459, "column": 59 } },
      "209": { "start": { "line": 460, "column": 8 }, "end": { "line": 460, "column": 59 } },
      "210": { "start": { "line": 464, "column": 17 }, "end": { "line": 464, "column": 30 } },
      "211": { "start": { "line": 465, "column": 4 }, "end": { "line": 465, "column": 24 } },
      "212": { "start": { "line": 466, "column": 20 }, "end": { "line": 466, "column": 60 } },
      "213": { "start": { "line": 467, "column": 4 }, "end": { "line": 467, "column": 56 } },
      "214": { "start": { "line": 469, "column": 4 }, "end": { "line": 469, "column": 78 } },
      "215": { "start": { "line": 470, "column": 4 }, "end": { "line": 470, "column": 23 } },
      "216": { "start": { "line": 472, "column": 4 }, "end": { "line": 472, "column": 31 } },
      "217": { "start": { "line": 477, "column": 2 }, "end": { "line": 477, "column": 47 } },
      "218": { "start": { "line": 477, "column": 29 }, "end": { "line": 477, "column": 45 } },
      "219": { "start": { "line": 478, "column": 2 }, "end": { "line": 478, "column": 51 } },
      "220": { "start": { "line": 478, "column": 32 }, "end": { "line": 478, "column": 49 } },
      "221": { "start": { "line": 480, "column": 2 }, "end": { "line": 482, "column": 3 } },
      "222": { "start": { "line": 481, "column": 4 }, "end": { "line": 481, "column": 33 } },
      "223": { "start": { "line": 484, "column": 2 }, "end": { "line": 490, "column": 3 } },
      "224": { "start": { "line": 485, "column": 4 }, "end": { "line": 489, "column": 5 } },
      "225": { "start": { "line": 486, "column": 6 }, "end": { "line": 486, "column": 31 } },
      "226": { "start": { "line": 487, "column": 11 }, "end": { "line": 489, "column": 5 } },
      "227": { "start": { "line": 488, "column": 6 }, "end": { "line": 488, "column": 87 } },
      "228": { "start": { "line": 492, "column": 2 }, "end": { "line": 494, "column": 3 } },
      "229": { "start": { "line": 493, "column": 4 }, "end": { "line": 493, "column": 33 } },
      "230": { "start": { "line": 495, "column": 2 }, "end": { "line": 497, "column": 3 } },
      "231": { "start": { "line": 496, "column": 4 }, "end": { "line": 496, "column": 35 } },
      "232": { "start": { "line": 498, "column": 2 }, "end": { "line": 500, "column": 3 } },
      "233": { "start": { "line": 499, "column": 4 }, "end": { "line": 499, "column": 31 } },
      "234": { "start": { "line": 501, "column": 2 }, "end": { "line": 503, "column": 3 } },
      "235": { "start": { "line": 502, "column": 4 }, "end": { "line": 502, "column": 32 } },
      "236": { "start": { "line": 504, "column": 2 }, "end": { "line": 506, "column": 3 } },
      "237": { "start": { "line": 505, "column": 4 }, "end": { "line": 505, "column": 33 } },
      "238": { "start": { "line": 507, "column": 2 }, "end": { "line": 509, "column": 3 } },
      "239": { "start": { "line": 508, "column": 4 }, "end": { "line": 508, "column": 44 } },
      "240": { "start": { "line": 513, "column": 2 }, "end": { "line": 520, "column": 3 } },
      "241": { "start": { "line": 514, "column": 17 }, "end": { "line": 514, "column": 46 } },
      "242": { "start": { "line": 515, "column": 4 }, "end": { "line": 515, "column": 40 } },
      "243": { "start": { "line": 516, "column": 4 }, "end": { "line": 516, "column": 16 } },
      "244": { "start": { "line": 518, "column": 4 }, "end": { "line": 518, "column": 44 } },
      "245": { "start": { "line": 519, "column": 4 }, "end": { "line": 519, "column": 17 } },
      "246": { "start": { "line": 525, "column": 2 }, "end": { "line": 531, "column": 3 } },
      "247": { "start": { "line": 526, "column": 4 }, "end": { "line": 526, "column": 65 } },
      "248": { "start": { "line": 528, "column": 4 }, "end": { "line": 530, "column": 6 } },
      "249": { "start": { "line": 533, "column": 16 }, "end": { "line": 538, "column": 90 } },
      "250": { "start": { "line": 535, "column": 17 }, "end": { "line": 535, "column": 96 } },
      "251": { "start": { "line": 537, "column": 20 }, "end": { "line": 537, "column": 67 } },
      "252": { "start": { "line": 538, "column": 20 }, "end": { "line": 538, "column": 89 } },
      "253": { "start": { "line": 540, "column": 2 }, "end": { "line": 540, "column": 15 } },
      "254": { "start": { "line": 545, "column": 2 }, "end": { "line": 550, "column": 3 } },
      "255": { "start": { "line": 546, "column": 4 }, "end": { "line": 546, "column": 52 } },
      "256": { "start": { "line": 548, "column": 4 }, "end": { "line": 548, "column": 44 } },
      "257": { "start": { "line": 549, "column": 4 }, "end": { "line": 549, "column": 17 } },
      "258": { "start": { "line": 552, "column": 2 }, "end": { "line": 555, "column": 3 } },
      "259": { "start": { "line": 553, "column": 4 }, "end": { "line": 553, "column": 84 } },
      "260": { "start": { "line": 554, "column": 4 }, "end": { "line": 554, "column": 17 } },
      "261": { "start": { "line": 557, "column": 20 }, "end": { "line": 557, "column": 43 } },
      "262": { "start": { "line": 559, "column": 2 }, "end": { "line": 567, "column": 3 } },
      "263": { "start": { "line": 560, "column": 4 }, "end": { "line": 566, "column": 5 } },
      "264": { "start": { "line": 561, "column": 19 }, "end": { "line": 561, "column": 40 } },
      "265": { "start": { "line": 562, "column": 6 }, "end": { "line": 562, "column": 55 } },
      "266": { "start": { "line": 564, "column": 6 }, "end": { "line": 564, "column": 46 } },
      "267": { "start": { "line": 565, "column": 6 }, "end": { "line": 565, "column": 19 } },
      "268": { "start": { "line": 569, "column": 2 }, "end": { "line": 575, "column": 3 } },
      "269": { "start": { "line": 570, "column": 4 }, "end": { "line": 570, "column": 63 } },
      "270": { "start": { "line": 571, "column": 4 }, "end": { "line": 571, "column": 16 } },
      "271": { "start": { "line": 573, "column": 4 }, "end": { "line": 573, "column": 44 } },
      "272": { "start": { "line": 574, "column": 4 }, "end": { "line": 574, "column": 17 } },
      "273": { "start": { "line": 579, "column": 19 }, "end": { "line": 581, "column": 3 } },
      "274": { "start": { "line": 584, "column": 2 }, "end": { "line": 591, "column": 3 } },
      "275": { "start": { "line": 585, "column": 4 }, "end": { "line": 585, "column": 33 } },
      "276": { "start": { "line": 587, "column": 4 }, "end": { "line": 589, "column": 6 } },
      "277": { "start": { "line": 590, "column": 4 }, "end": { "line": 590, "column": 17 } },
      "278": { "start": { "line": 593, "column": 2 }, "end": { "line": 595, "column": 3 } },
      "279": { "start": { "line": 594, "column": 4 }, "end": { "line": 594, "column": 46 } },
      "280": { "start": { "line": 597, "column": 2 }, "end": { "line": 600, "column": 3 } },
      "281": { "start": { "line": 598, "column": 4 }, "end": { "line": 598, "column": 88 } },
      "282": { "start": { "line": 599, "column": 4 }, "end": { "line": 599, "column": 17 } },
      "283": { "start": { "line": 602, "column": 2 }, "end": { "line": 602, "column": 39 } },
      "284": { "start": { "line": 606, "column": 2 }, "end": { "line": 612, "column": 3 } },
      "285": { "start": { "line": 607, "column": 21 }, "end": { "line": 607, "column": 60 } },
      "286": { "start": { "line": 608, "column": 4 }, "end": { "line": 608, "column": 41 } },
      "287": { "start": { "line": 610, "column": 4 }, "end": { "line": 610, "column": 44 } },
      "288": { "start": { "line": 611, "column": 4 }, "end": { "line": 611, "column": 17 } },
      "289": { "start": { "line": 615, "column": 0 }, "end": { "line": 624, "column": 2 } }
    },
    "fnMap": {
      "0": {
        "name": "originPrefix",
        "decl": { "start": { "line": 24, "column": 9 }, "end": { "line": 24, "column": 21 } },
        "loc": { "start": { "line": 24, "column": 30 }, "end": { "line": 26, "column": 1 } },
        "line": 24
      },
      "1": {
        "name": "extractErrorMessage",
        "decl": { "start": { "line": 28, "column": 9 }, "end": { "line": 28, "column": 28 } },
        "loc": { "start": { "line": 28, "column": 34 }, "end": { "line": 30, "column": 1 } },
        "line": 28
      },
      "2": {
        "name": "parseDuration",
        "decl": { "start": { "line": 32, "column": 9 }, "end": { "line": 32, "column": 22 } },
        "loc": { "start": { "line": 32, "column": 30 }, "end": { "line": 67, "column": 1 } },
        "line": 32
      },
      "3": {
        "name": "setMaxAge",
        "decl": { "start": { "line": 69, "column": 9 }, "end": { "line": 69, "column": 18 } },
        "loc": { "start": { "line": 69, "column": 34 }, "end": { "line": 81, "column": 1 } },
        "line": 69
      },
      "4": {
        "name": "setConcurrency",
        "decl": { "start": { "line": 83, "column": 9 }, "end": { "line": 83, "column": 23 } },
        "loc": { "start": { "line": 83, "column": 39 }, "end": { "line": 106, "column": 1 } },
        "line": 83
      },
      "5": {
        "name": "addExtraDir",
        "decl": { "start": { "line": 108, "column": 9 }, "end": { "line": 108, "column": 20 } },
        "loc": { "start": { "line": 108, "column": 51 }, "end": { "line": 113, "column": 1 } },
        "line": 108
      },
      "6": {
        "name": "addExclusion",
        "decl": { "start": { "line": 115, "column": 9 }, "end": { "line": 115, "column": 21 } },
        "loc": { "start": { "line": 115, "column": 52 }, "end": { "line": 120, "column": 1 } },
        "line": 115
      },
      "7": {
        "name": "createEmptyPresetData",
        "decl": { "start": { "line": 122, "column": 9 }, "end": { "line": 122, "column": 30 } },
        "loc": { "start": { "line": 122, "column": 33 }, "end": { "line": 135, "column": 1 } },
        "line": 122
      },
      "8": {
        "name": "mergePresetData",
        "decl": { "start": { "line": 137, "column": 9 }, "end": { "line": 137, "column": 24 } },
        "loc": { "start": { "line": 137, "column": 41 }, "end": { "line": 150, "column": 1 } },
        "line": 137
      },
      "9": {
        "name": "ensureArrayOfStrings",
        "decl": { "start": { "line": 152, "column": 9 }, "end": { "line": 152, "column": 29 } },
        "loc": { "start": { "line": 152, "column": 50 }, "end": { "line": 170, "column": 1 } },
        "line": 152
      },
      "10": {
        "name": "(anonymous_10)",
        "decl": { "start": { "line": 156, "column": 19 }, "end": { "line": 156, "column": 20 } },
        "loc": { "start": { "line": 156, "column": 34 }, "end": { "line": 169, "column": 3 } },
        "line": 156
      },
      "11": {
        "name": "ensureOptionalBoolean",
        "decl": { "start": { "line": 172, "column": 9 }, "end": { "line": 172, "column": 30 } },
        "loc": { "start": { "line": 172, "column": 51 }, "end": { "line": 180, "column": 1 } },
        "line": 172
      },
      "12": {
        "name": "ensureOptionalLogFile",
        "decl": { "start": { "line": 182, "column": 9 }, "end": { "line": 182, "column": 30 } },
        "loc": { "start": { "line": 182, "column": 55 }, "end": { "line": 194, "column": 1 } },
        "line": 182
      },
      "13": {
        "name": "ensureOptionalMaxAge",
        "decl": { "start": { "line": 196, "column": 9 }, "end": { "line": 196, "column": 29 } },
        "loc": { "start": { "line": 196, "column": 45 }, "end": { "line": 211, "column": 1 } },
        "line": 196
      },
      "14": {
        "name": "ensureOptionalConcurrency",
        "decl": { "start": { "line": 213, "column": 9 }, "end": { "line": 213, "column": 34 } },
        "loc": { "start": { "line": 213, "column": 50 }, "end": { "line": 228, "column": 1 } },
        "line": 213
      },
      "15": {
        "name": "buildConfigSchema",
        "decl": { "start": { "line": 230, "column": 9 }, "end": { "line": 230, "column": 26 } },
        "loc": { "start": { "line": 230, "column": 29 }, "end": { "line": 273, "column": 1 } },
        "line": 230
      },
      "16": {
        "name": "extractConfig",
        "decl": { "start": { "line": 275, "column": 9 }, "end": { "line": 275, "column": 22 } },
        "loc": { "start": { "line": 275, "column": 48 }, "end": { "line": 308, "column": 1 } },
        "line": 275
      },
      "17": {
        "name": "(anonymous_17)",
        "decl": { "start": { "line": 285, "column": 71 }, "end": { "line": 285, "column": 72 } },
        "loc": { "start": { "line": 286, "column": 6 }, "end": { "line": 286, "column": 79 } },
        "line": 286
      },
      "18": {
        "name": "(anonymous_18)",
        "decl": { "start": { "line": 292, "column": 80 }, "end": { "line": 292, "column": 81 } },
        "loc": { "start": { "line": 293, "column": 6 }, "end": { "line": 293, "column": 79 } },
        "line": 293
      },
      "19": {
        "name": "resolvePreset",
        "decl": { "start": { "line": 310, "column": 9 }, "end": { "line": 310, "column": 22 } },
        "loc": { "start": { "line": 310, "column": 43 }, "end": { "line": 372, "column": 1 } },
        "line": 310
      },
      "20": {
        "name": "(anonymous_20)",
        "decl": { "start": { "line": 334, "column": 25 }, "end": { "line": 334, "column": 26 } },
        "loc": { "start": { "line": 334, "column": 37 }, "end": { "line": 343, "column": 3 } },
        "line": 334
      },
      "21": {
        "name": "getCachedConfig",
        "decl": { "start": { "line": 374, "column": 9 }, "end": { "line": 374, "column": 24 } },
        "loc": { "start": { "line": 374, "column": 46 }, "end": { "line": 380, "column": 1 } },
        "line": 374
      },
      "22": {
        "name": "parseConfigFile",
        "decl": { "start": { "line": 382, "column": 9 }, "end": { "line": 382, "column": 24 } },
        "loc": { "start": { "line": 382, "column": 56 }, "end": { "line": 474, "column": 1 } },
        "line": 382
      },
      "23": {
        "name": "applyConfigData",
        "decl": { "start": { "line": 476, "column": 9 }, "end": { "line": 476, "column": 24 } },
        "loc": { "start": { "line": 476, "column": 39 }, "end": { "line": 510, "column": 1 } },
        "line": 476
      },
      "24": {
        "name": "(anonymous_24)",
        "decl": { "start": { "line": 477, "column": 20 }, "end": { "line": 477, "column": 21 } },
        "loc": { "start": { "line": 477, "column": 29 }, "end": { "line": 477, "column": 45 } },
        "line": 477
      },
      "25": {
        "name": "(anonymous_25)",
        "decl": { "start": { "line": 478, "column": 23 }, "end": { "line": 478, "column": 24 } },
        "loc": { "start": { "line": 478, "column": 32 }, "end": { "line": 478, "column": 49 } },
        "line": 478
      },
      "26": {
        "name": "applyConfigFromPath",
        "decl": { "start": { "line": 512, "column": 9 }, "end": { "line": 512, "column": 28 } },
        "loc": { "start": { "line": 512, "column": 43 }, "end": { "line": 521, "column": 1 } },
        "line": 512
      },
      "27": {
        "name": "listConfigFilesInDirectory",
        "decl": { "start": { "line": 523, "column": 9 }, "end": { "line": 523, "column": 35 } },
        "loc": { "start": { "line": 523, "column": 47 }, "end": { "line": 541, "column": 1 } },
        "line": 523
      },
      "28": {
        "name": "(anonymous_28)",
        "decl": { "start": { "line": 535, "column": 6 }, "end": { "line": 535, "column": 7 } },
        "loc": { "start": { "line": 535, "column": 17 }, "end": { "line": 535, "column": 96 } },
        "line": 535
      },
      "29": {
        "name": "(anonymous_29)",
        "decl": { "start": { "line": 537, "column": 9 }, "end": { "line": 537, "column": 10 } },
        "loc": { "start": { "line": 537, "column": 20 }, "end": { "line": 537, "column": 67 } },
        "line": 537
      },
      "30": {
        "name": "(anonymous_30)",
        "decl": { "start": { "line": 538, "column": 10 }, "end": { "line": 538, "column": 11 } },
        "loc": { "start": { "line": 538, "column": 20 }, "end": { "line": 538, "column": 89 } },
        "line": 538
      },
      "31": {
        "name": "applyConfigFromDirectory",
        "decl": { "start": { "line": 543, "column": 9 }, "end": { "line": 543, "column": 33 } },
        "loc": { "start": { "line": 543, "column": 47 }, "end": { "line": 576, "column": 1 } },
        "line": 543
      },
      "32": {
        "name": "handleConfigArgument",
        "decl": { "start": { "line": 578, "column": 9 }, "end": { "line": 578, "column": 29 } },
        "loc": { "start": { "line": 578, "column": 42 }, "end": { "line": 603, "column": 1 } },
        "line": 578
      },
      "33": {
        "name": "handlePresetArgument",
        "decl": { "start": { "line": 605, "column": 9 }, "end": { "line": 605, "column": 29 } },
        "loc": { "start": { "line": 605, "column": 41 }, "end": { "line": 613, "column": 1 } },
        "line": 605
      }
    },
    "branchMap": {
      "0": {
        "loc": { "start": { "line": 25, "column": 9 }, "end": { "line": 25, "column": 37 } },
        "type": "cond-expr",
        "locations": [
          { "start": { "line": 25, "column": 18 }, "end": { "line": 25, "column": 32 } },
          { "start": { "line": 25, "column": 35 }, "end": { "line": 25, "column": 37 } }
        ],
        "line": 25
      },
      "1": {
        "loc": { "start": { "line": 29, "column": 9 }, "end": { "line": 29, "column": 57 } },
        "type": "cond-expr",
        "locations": [
          { "start": { "line": 29, "column": 32 }, "end": { "line": 29, "column": 43 } },
          { "start": { "line": 29, "column": 46 }, "end": { "line": 29, "column": 57 } }
        ],
        "line": 29
      },
      "2": {
        "loc": { "start": { "line": 33, "column": 2 }, "end": { "line": 35, "column": 3 } },
        "type": "if",
        "locations": [
          { "start": { "line": 33, "column": 2 }, "end": { "line": 35, "column": 3 } },
          { "start": { "line": 33, "column": 2 }, "end": { "line": 35, "column": 3 } }
        ],
        "line": 33
      },
      "3": {
        "loc": { "start": { "line": 33, "column": 6 }, "end": { "line": 33, "column": 43 } },
        "type": "binary-expr",
        "locations": [
          { "start": { "line": 33, "column": 6 }, "end": { "line": 33, "column": 25 } },
          { "start": { "line": 33, "column": 29 }, "end": { "line": 33, "column": 43 } }
        ],
        "line": 33
      },
      "4": {
        "loc": { "start": { "line": 36, "column": 2 }, "end": { "line": 41, "column": 3 } },
        "type": "if",
        "locations": [
          { "start": { "line": 36, "column": 2 }, "end": { "line": 41, "column": 3 } },
          { "start": { "line": 36, "column": 2 }, "end": { "line": 41, "column": 3 } }
        ],
        "line": 36
      },
      "5": {
        "loc": { "start": { "line": 36, "column": 6 }, "end": { "line": 36, "column": 57 } },
        "type": "binary-expr",
        "locations": [
          { "start": { "line": 36, "column": 6 }, "end": { "line": 36, "column": 31 } },
          { "start": { "line": 36, "column": 35 }, "end": { "line": 36, "column": 57 } }
        ],
        "line": 36
      },
      "6": {
        "loc": { "start": { "line": 37, "column": 4 }, "end": { "line": 39, "column": 5 } },
        "type": "if",
        "locations": [
          { "start": { "line": 37, "column": 4 }, "end": { "line": 39, "column": 5 } },
          { "start": { "line": 37, "column": 4 }, "end": { "line": 39, "column": 5 } }
        ],
        "line": 37
      },
      "7": {
        "loc": { "start": { "line": 42, "column": 2 }, "end": { "line": 44, "column": 3 } },
        "type": "if",
        "locations": [
          { "start": { "line": 42, "column": 2 }, "end": { "line": 44, "column": 3 } },
          { "start": { "line": 42, "column": 2 }, "end": { "line": 44, "column": 3 } }
        ],
        "line": 42
      },
      "8": {
        "loc": { "start": { "line": 46, "column": 2 }, "end": { "line": 48, "column": 3 } },
        "type": "if",
        "locations": [
          { "start": { "line": 46, "column": 2 }, "end": { "line": 48, "column": 3 } },
          { "start": { "line": 46, "column": 2 }, "end": { "line": 48, "column": 3 } }
        ],
        "line": 46
      },
      "9": {
        "loc": { "start": { "line": 50, "column": 2 }, "end": { "line": 52, "column": 3 } },
        "type": "if",
        "locations": [
          { "start": { "line": 50, "column": 2 }, "end": { "line": 52, "column": 3 } },
          { "start": { "line": 50, "column": 2 }, "end": { "line": 52, "column": 3 } }
        ],
        "line": 50
      },
      "10": {
        "loc": { "start": { "line": 54, "column": 16 }, "end": { "line": 54, "column": 31 } },
        "type": "binary-expr",
        "locations": [
          { "start": { "line": 54, "column": 16 }, "end": { "line": 54, "column": 24 } },
          { "start": { "line": 54, "column": 28 }, "end": { "line": 54, "column": 31 } }
        ],
        "line": 54
      },
      "11": {
        "loc": { "start": { "line": 63, "column": 2 }, "end": { "line": 65, "column": 3 } },
        "type": "if",
        "locations": [
          { "start": { "line": 63, "column": 2 }, "end": { "line": 65, "column": 3 } },
          { "start": { "line": 63, "column": 2 }, "end": { "line": 65, "column": 3 } }
        ],
        "line": 63
      },
      "12": {
        "loc": { "start": { "line": 70, "column": 2 }, "end": { "line": 73, "column": 3 } },
        "type": "if",
        "locations": [
          { "start": { "line": 70, "column": 2 }, "end": { "line": 73, "column": 3 } },
          { "start": { "line": 70, "column": 2 }, "end": { "line": 73, "column": 3 } }
        ],
        "line": 70
      },
      "13": {
        "loc": { "start": { "line": 75, "column": 2 }, "end": { "line": 78, "column": 3 } },
        "type": "if",
        "locations": [
          { "start": { "line": 75, "column": 2 }, "end": { "line": 78, "column": 3 } },
          { "start": { "line": 75, "column": 2 }, "end": { "line": 78, "column": 3 } }
        ],
        "line": 75
      },
      "14": {
        "loc": { "start": { "line": 75, "column": 6 }, "end": { "line": 75, "column": 45 } },
        "type": "binary-expr",
        "locations": [
          { "start": { "line": 75, "column": 6 }, "end": { "line": 75, "column": 21 } },
          { "start": { "line": 75, "column": 25 }, "end": { "line": 75, "column": 45 } }
        ],
        "line": 75
      },
      "15": {
        "loc": { "start": { "line": 84, "column": 2 }, "end": { "line": 86, "column": 3 } },
        "type": "if",
        "locations": [
          { "start": { "line": 84, "column": 2 }, "end": { "line": 86, "column": 3 } },
          { "start": { "line": 84, "column": 2 }, "end": { "line": 86, "column": 3 } }
        ],
        "line": 84
      },
      "16": {
        "loc": { "start": { "line": 87, "column": 2 }, "end": { "line": 90, "column": 3 } },
        "type": "if",
        "locations": [
          { "start": { "line": 87, "column": 2 }, "end": { "line": 90, "column": 3 } },
          { "start": { "line": 87, "column": 2 }, "end": { "line": 90, "column": 3 } }
        ],
        "line": 87
      },
      "17": {
        "loc": { "start": { "line": 91, "column": 17 }, "end": { "line": 91, "column": 80 } },
        "type": "cond-expr",
        "locations": [
          { "start": { "line": 91, "column": 45 }, "end": { "line": 91, "column": 50 } },
          { "start": { "line": 91, "column": 53 }, "end": { "line": 91, "column": 80 } }
        ],
        "line": 91
      },
      "18": {
        "loc": { "start": { "line": 92, "column": 2 }, "end": { "line": 95, "column": 3 } },
        "type": "if",
        "locations": [
          { "start": { "line": 92, "column": 2 }, "end": { "line": 95, "column": 3 } },
          { "start": { "line": 92, "column": 2 }, "end": { "line": 95, "column": 3 } }
        ],
        "line": 92
      },
      "19": {
        "loc": { "start": { "line": 92, "column": 6 }, "end": { "line": 92, "column": 45 } },
        "type": "binary-expr",
        "locations": [
          { "start": { "line": 92, "column": 6 }, "end": { "line": 92, "column": 30 } },
          { "start": { "line": 92, "column": 34 }, "end": { "line": 92, "column": 45 } }
        ],
        "line": 92
      },
      "20": {
        "loc": { "start": { "line": 97, "column": 2 }, "end": { "line": 100, "column": 3 } },
        "type": "if",
        "locations": [
          { "start": { "line": 97, "column": 2 }, "end": { "line": 100, "column": 3 } },
          { "start": { "line": 97, "column": 2 }, "end": { "line": 100, "column": 3 } }
        ],
        "line": 97
      },
      "21": {
        "loc": { "start": { "line": 102, "column": 2 }, "end": { "line": 104, "column": 3 } },
        "type": "if",
        "locations": [
          { "start": { "line": 102, "column": 2 }, "end": { "line": 104, "column": 3 } },
          { "start": { "line": 102, "column": 2 }, "end": { "line": 104, "column": 3 } }
        ],
        "line": 102
      },
      "22": {
        "loc": { "start": { "line": 108, "column": 26 }, "end": { "line": 108, "column": 49 } },
        "type": "default-arg",
        "locations": [
          { "start": { "line": 108, "column": 36 }, "end": { "line": 108, "column": 49 } }
        ],
        "line": 108
      },
      "23": {
        "loc": { "start": { "line": 109, "column": 33 }, "end": { "line": 109, "column": 85 } },
        "type": "cond-expr",
        "locations": [
          { "start": { "line": 109, "column": 56 }, "end": { "line": 109, "column": 59 } },
          { "start": { "line": 109, "column": 62 }, "end": { "line": 109, "column": 85 } }
        ],
        "line": 109
      },
      "24": {
        "loc": { "start": { "line": 110, "column": 2 }, "end": { "line": 112, "column": 3 } },
        "type": "if",
        "locations": [
          { "start": { "line": 110, "column": 2 }, "end": { "line": 112, "column": 3 } },
          { "start": { "line": 110, "column": 2 }, "end": { "line": 112, "column": 3 } }
        ],
        "line": 110
      },
      "25": {
        "loc": { "start": { "line": 115, "column": 27 }, "end": { "line": 115, "column": 50 } },
        "type": "default-arg",
        "locations": [
          { "start": { "line": 115, "column": 37 }, "end": { "line": 115, "column": 50 } }
        ],
        "line": 115
      },
      "26": {
        "loc": { "start": { "line": 116, "column": 33 }, "end": { "line": 116, "column": 85 } },
        "type": "cond-expr",
        "locations": [
          { "start": { "line": 116, "column": 56 }, "end": { "line": 116, "column": 59 } },
          { "start": { "line": 116, "column": 62 }, "end": { "line": 116, "column": 85 } }
        ],
        "line": 116
      },
      "27": {
        "loc": { "start": { "line": 117, "column": 2 }, "end": { "line": 119, "column": 3 } },
        "type": "if",
        "locations": [
          { "start": { "line": 117, "column": 2 }, "end": { "line": 119, "column": 3 } },
          { "start": { "line": 117, "column": 2 }, "end": { "line": 119, "column": 3 } }
        ],
        "line": 117
      },
      "28": {
        "loc": { "start": { "line": 141, "column": 12 }, "end": { "line": 141, "column": 73 } },
        "type": "cond-expr",
        "locations": [
          { "start": { "line": 141, "column": 44 }, "end": { "line": 141, "column": 59 } },
          { "start": { "line": 141, "column": 62 }, "end": { "line": 141, "column": 73 } }
        ],
        "line": 141
      },
      "29": {
        "loc": { "start": { "line": 142, "column": 13 }, "end": { "line": 142, "column": 77 } },
        "type": "cond-expr",
        "locations": [
          { "start": { "line": 142, "column": 46 }, "end": { "line": 142, "column": 62 } },
          { "start": { "line": 142, "column": 65 }, "end": { "line": 142, "column": 77 } }
        ],
        "line": 142
      },
      "30": {
        "loc": { "start": { "line": 143, "column": 14 }, "end": { "line": 143, "column": 81 } },
        "type": "cond-expr",
        "locations": [
          { "start": { "line": 143, "column": 48 }, "end": { "line": 143, "column": 65 } },
          { "start": { "line": 143, "column": 68 }, "end": { "line": 143, "column": 81 } }
        ],
        "line": 143
      },
      "31": {
        "loc": { "start": { "line": 144, "column": 12 }, "end": { "line": 144, "column": 73 } },
        "type": "cond-expr",
        "locations": [
          { "start": { "line": 144, "column": 44 }, "end": { "line": 144, "column": 59 } },
          { "start": { "line": 144, "column": 62 }, "end": { "line": 144, "column": 73 } }
        ],
        "line": 144
      },
      "32": {
        "loc": { "start": { "line": 145, "column": 10 }, "end": { "line": 145, "column": 65 } },
        "type": "cond-expr",
        "locations": [
          { "start": { "line": 145, "column": 40 }, "end": { "line": 145, "column": 53 } },
          { "start": { "line": 145, "column": 56 }, "end": { "line": 145, "column": 65 } }
        ],
        "line": 145
      },
      "33": {
        "loc": { "start": { "line": 146, "column": 13 }, "end": { "line": 146, "column": 77 } },
        "type": "cond-expr",
        "locations": [
          { "start": { "line": 146, "column": 46 }, "end": { "line": 146, "column": 62 } },
          { "start": { "line": 146, "column": 65 }, "end": { "line": 146, "column": 77 } }
        ],
        "line": 146
      },
      "34": {
        "loc": { "start": { "line": 147, "column": 17 }, "end": { "line": 147, "column": 93 } },
        "type": "cond-expr",
        "locations": [
          { "start": { "line": 147, "column": 54 }, "end": { "line": 147, "column": 74 } },
          { "start": { "line": 147, "column": 77 }, "end": { "line": 147, "column": 93 } }
        ],
        "line": 147
      },
      "35": {
        "loc": { "start": { "line": 148, "column": 13 }, "end": { "line": 148, "column": 77 } },
        "type": "cond-expr",
        "locations": [
          { "start": { "line": 148, "column": 46 }, "end": { "line": 148, "column": 62 } },
          { "start": { "line": 148, "column": 65 }, "end": { "line": 148, "column": 77 } }
        ],
        "line": 148
      },
      "36": {
        "loc": { "start": { "line": 153, "column": 2 }, "end": { "line": 155, "column": 3 } },
        "type": "if",
        "locations": [
          { "start": { "line": 153, "column": 2 }, "end": { "line": 155, "column": 3 } },
          { "start": { "line": 153, "column": 2 }, "end": { "line": 155, "column": 3 } }
        ],
        "line": 153
      },
      "37": {
        "loc": { "start": { "line": 157, "column": 4 }, "end": { "line": 161, "column": 5 } },
        "type": "if",
        "locations": [
          { "start": { "line": 157, "column": 4 }, "end": { "line": 161, "column": 5 } },
          { "start": { "line": 157, "column": 4 }, "end": { "line": 161, "column": 5 } }
        ],
        "line": 157
      },
      "38": {
        "loc": { "start": { "line": 163, "column": 4 }, "end": { "line": 167, "column": 5 } },
        "type": "if",
        "locations": [
          { "start": { "line": 163, "column": 4 }, "end": { "line": 167, "column": 5 } },
          { "start": { "line": 163, "column": 4 }, "end": { "line": 167, "column": 5 } }
        ],
        "line": 163
      },
      "39": {
        "loc": { "start": { "line": 173, "column": 2 }, "end": { "line": 175, "column": 3 } },
        "type": "if",
        "locations": [
          { "start": { "line": 173, "column": 2 }, "end": { "line": 175, "column": 3 } },
          { "start": { "line": 173, "column": 2 }, "end": { "line": 175, "column": 3 } }
        ],
        "line": 173
      },
      "40": {
        "loc": { "start": { "line": 176, "column": 2 }, "end": { "line": 178, "column": 3 } },
        "type": "if",
        "locations": [
          { "start": { "line": 176, "column": 2 }, "end": { "line": 178, "column": 3 } },
          { "start": { "line": 176, "column": 2 }, "end": { "line": 178, "column": 3 } }
        ],
        "line": 176
      },
      "41": {
        "loc": { "start": { "line": 183, "column": 2 }, "end": { "line": 185, "column": 3 } },
        "type": "if",
        "locations": [
          { "start": { "line": 183, "column": 2 }, "end": { "line": 185, "column": 3 } },
          { "start": { "line": 183, "column": 2 }, "end": { "line": 185, "column": 3 } }
        ],
        "line": 183
      },
      "42": {
        "loc": { "start": { "line": 186, "column": 2 }, "end": { "line": 188, "column": 3 } },
        "type": "if",
        "locations": [
          { "start": { "line": 186, "column": 2 }, "end": { "line": 188, "column": 3 } },
          { "start": { "line": 186, "column": 2 }, "end": { "line": 188, "column": 3 } }
        ],
        "line": 186
      },
      "43": {
        "loc": { "start": { "line": 189, "column": 2 }, "end": { "line": 191, "column": 3 } },
        "type": "if",
        "locations": [
          { "start": { "line": 189, "column": 2 }, "end": { "line": 191, "column": 3 } },
          { "start": { "line": 189, "column": 2 }, "end": { "line": 191, "column": 3 } }
        ],
        "line": 189
      },
      "44": {
        "loc": { "start": { "line": 189, "column": 6 }, "end": { "line": 189, "column": 48 } },
        "type": "binary-expr",
        "locations": [
          { "start": { "line": 189, "column": 6 }, "end": { "line": 189, "column": 31 } },
          { "start": { "line": 189, "column": 35 }, "end": { "line": 189, "column": 48 } }
        ],
        "line": 189
      },
      "45": {
        "loc": { "start": { "line": 193, "column": 23 }, "end": { "line": 193, "column": 87 } },
        "type": "cond-expr",
        "locations": [
          { "start": { "line": 193, "column": 50 }, "end": { "line": 193, "column": 57 } },
          { "start": { "line": 193, "column": 60 }, "end": { "line": 193, "column": 87 } }
        ],
        "line": 193
      },
      "46": {
        "loc": { "start": { "line": 197, "column": 2 }, "end": { "line": 199, "column": 3 } },
        "type": "if",
        "locations": [
          { "start": { "line": 197, "column": 2 }, "end": { "line": 199, "column": 3 } },
          { "start": { "line": 197, "column": 2 }, "end": { "line": 199, "column": 3 } }
        ],
        "line": 197
      },
      "47": {
        "loc": { "start": { "line": 200, "column": 2 }, "end": { "line": 202, "column": 3 } },
        "type": "if",
        "locations": [
          { "start": { "line": 200, "column": 2 }, "end": { "line": 202, "column": 3 } },
          { "start": { "line": 200, "column": 2 }, "end": { "line": 202, "column": 3 } }
        ],
        "line": 200
      },
      "48": {
        "loc": { "start": { "line": 203, "column": 2 }, "end": { "line": 205, "column": 3 } },
        "type": "if",
        "locations": [
          { "start": { "line": 203, "column": 2 }, "end": { "line": 205, "column": 3 } },
          { "start": { "line": 203, "column": 2 }, "end": { "line": 205, "column": 3 } }
        ],
        "line": 203
      },
      "49": {
        "loc": { "start": { "line": 203, "column": 6 }, "end": { "line": 203, "column": 60 } },
        "type": "binary-expr",
        "locations": [
          { "start": { "line": 203, "column": 6 }, "end": { "line": 203, "column": 31 } },
          { "start": { "line": 203, "column": 35 }, "end": { "line": 203, "column": 60 } }
        ],
        "line": 203
      },
      "50": {
        "loc": { "start": { "line": 207, "column": 2 }, "end": { "line": 209, "column": 3 } },
        "type": "if",
        "locations": [
          { "start": { "line": 207, "column": 2 }, "end": { "line": 209, "column": 3 } },
          { "start": { "line": 207, "column": 2 }, "end": { "line": 209, "column": 3 } }
        ],
        "line": 207
      },
      "51": {
        "loc": { "start": { "line": 207, "column": 6 }, "end": { "line": 207, "column": 45 } },
        "type": "binary-expr",
        "locations": [
          { "start": { "line": 207, "column": 6 }, "end": { "line": 207, "column": 21 } },
          { "start": { "line": 207, "column": 25 }, "end": { "line": 207, "column": 45 } }
        ],
        "line": 207
      },
      "52": {
        "loc": { "start": { "line": 214, "column": 2 }, "end": { "line": 216, "column": 3 } },
        "type": "if",
        "locations": [
          { "start": { "line": 214, "column": 2 }, "end": { "line": 216, "column": 3 } },
          { "start": { "line": 214, "column": 2 }, "end": { "line": 216, "column": 3 } }
        ],
        "line": 214
      },
      "53": {
        "loc": { "start": { "line": 217, "column": 2 }, "end": { "line": 219, "column": 3 } },
        "type": "if",
        "locations": [
          { "start": { "line": 217, "column": 2 }, "end": { "line": 219, "column": 3 } },
          { "start": { "line": 217, "column": 2 }, "end": { "line": 219, "column": 3 } }
        ],
        "line": 217
      },
      "54": {
        "loc": { "start": { "line": 220, "column": 17 }, "end": { "line": 220, "column": 80 } },
        "type": "cond-expr",
        "locations": [
          { "start": { "line": 220, "column": 45 }, "end": { "line": 220, "column": 50 } },
          { "start": { "line": 220, "column": 53 }, "end": { "line": 220, "column": 80 } }
        ],
        "line": 220
      },
      "55": {
        "loc": { "start": { "line": 221, "column": 2 }, "end": { "line": 223, "column": 3 } },
        "type": "if",
        "locations": [
          { "start": { "line": 221, "column": 2 }, "end": { "line": 223, "column": 3 } },
          { "start": { "line": 221, "column": 2 }, "end": { "line": 223, "column": 3 } }
        ],
        "line": 221
      },
      "56": {
        "loc": { "start": { "line": 221, "column": 6 }, "end": { "line": 221, "column": 45 } },
        "type": "binary-expr",
        "locations": [
          { "start": { "line": 221, "column": 6 }, "end": { "line": 221, "column": 30 } },
          { "start": { "line": 221, "column": 34 }, "end": { "line": 221, "column": 45 } }
        ],
        "line": 221
      },
      "57": {
        "loc": { "start": { "line": 224, "column": 2 }, "end": { "line": 226, "column": 3 } },
        "type": "if",
        "locations": [
          { "start": { "line": 224, "column": 2 }, "end": { "line": 226, "column": 3 } },
          { "start": { "line": 224, "column": 2 }, "end": { "line": 226, "column": 3 } }
        ],
        "line": 224
      },
      "58": {
        "loc": { "start": { "line": 279, "column": 4 }, "end": { "line": 281, "column": 5 } },
        "type": "if",
        "locations": [
          { "start": { "line": 279, "column": 4 }, "end": { "line": 281, "column": 5 } },
          { "start": { "line": 279, "column": 4 }, "end": { "line": 281, "column": 5 } }
        ],
        "line": 279
      },
      "59": {
        "loc": { "start": { "line": 284, "column": 2 }, "end": { "line": 289, "column": 3 } },
        "type": "if",
        "locations": [
          { "start": { "line": 284, "column": 2 }, "end": { "line": 289, "column": 3 } },
          { "start": { "line": 284, "column": 2 }, "end": { "line": 289, "column": 3 } }
        ],
        "line": 284
      },
      "60": {
        "loc": { "start": { "line": 286, "column": 20 }, "end": { "line": 286, "column": 78 } },
        "type": "cond-expr",
        "locations": [
          { "start": { "line": 286, "column": 45 }, "end": { "line": 286, "column": 50 } },
          { "start": { "line": 286, "column": 53 }, "end": { "line": 286, "column": 78 } }
        ],
        "line": 286
      },
      "61": {
        "loc": { "start": { "line": 291, "column": 2 }, "end": { "line": 296, "column": 3 } },
        "type": "if",
        "locations": [
          { "start": { "line": 291, "column": 2 }, "end": { "line": 296, "column": 3 } },
          { "start": { "line": 291, "column": 2 }, "end": { "line": 296, "column": 3 } }
        ],
        "line": 291
      },
      "62": {
        "loc": { "start": { "line": 293, "column": 20 }, "end": { "line": 293, "column": 78 } },
        "type": "cond-expr",
        "locations": [
          { "start": { "line": 293, "column": 45 }, "end": { "line": 293, "column": 50 } },
          { "start": { "line": 293, "column": 53 }, "end": { "line": 293, "column": 78 } }
        ],
        "line": 293
      },
      "63": {
        "loc": { "start": { "line": 311, "column": 2 }, "end": { "line": 313, "column": 3 } },
        "type": "if",
        "locations": [
          { "start": { "line": 311, "column": 2 }, "end": { "line": 313, "column": 3 } },
          { "start": { "line": 311, "column": 2 }, "end": { "line": 313, "column": 3 } }
        ],
        "line": 311
      },
      "64": {
        "loc": { "start": { "line": 311, "column": 6 }, "end": { "line": 311, "column": 56 } },
        "type": "binary-expr",
        "locations": [
          { "start": { "line": 311, "column": 6 }, "end": { "line": 311, "column": 35 } },
          { "start": { "line": 311, "column": 39 }, "end": { "line": 311, "column": 56 } }
        ],
        "line": 311
      },
      "65": {
        "loc": { "start": { "line": 320, "column": 25 }, "end": { "line": 320, "column": 49 } },
        "type": "binary-expr",
        "locations": [
          { "start": { "line": 320, "column": 25 }, "end": { "line": 320, "column": 32 } },
          { "start": { "line": 320, "column": 36 }, "end": { "line": 320, "column": 49 } }
        ],
        "line": 320
      },
      "66": {
        "loc": { "start": { "line": 322, "column": 2 }, "end": { "line": 331, "column": 3 } },
        "type": "if",
        "locations": [
          { "start": { "line": 322, "column": 2 }, "end": { "line": 331, "column": 3 } },
          { "start": { "line": 322, "column": 2 }, "end": { "line": 331, "column": 3 } }
        ],
        "line": 322
      },
      "67": {
        "loc": { "start": { "line": 326, "column": 4 }, "end": { "line": 330, "column": 5 } },
        "type": "if",
        "locations": [
          { "start": { "line": 326, "column": 4 }, "end": { "line": 330, "column": 5 } },
          { "start": { "line": 326, "column": 4 }, "end": { "line": 330, "column": 5 } }
        ],
        "line": 326
      },
      "68": {
        "loc": { "start": { "line": 335, "column": 4 }, "end": { "line": 342, "column": 5 } },
        "type": "if",
        "locations": [
          { "start": { "line": 335, "column": 4 }, "end": { "line": 342, "column": 5 } },
          { "start": { "line": 335, "column": 4 }, "end": { "line": 342, "column": 5 } }
        ],
        "line": 335
      },
      "69": {
        "loc": { "start": { "line": 345, "column": 2 }, "end": { "line": 355, "column": 3 } },
        "type": "if",
        "locations": [
          { "start": { "line": 345, "column": 2 }, "end": { "line": 355, "column": 3 } },
          { "start": { "line": 345, "column": 2 }, "end": { "line": 355, "column": 3 } }
        ],
        "line": 345
      },
      "70": {
        "loc": { "start": { "line": 349, "column": 6 }, "end": { "line": 353, "column": 7 } },
        "type": "if",
        "locations": [
          { "start": { "line": 349, "column": 6 }, "end": { "line": 353, "column": 7 } },
          { "start": { "line": 349, "column": 6 }, "end": { "line": 353, "column": 7 } }
        ],
        "line": 349
      },
      "71": {
        "loc": { "start": { "line": 360, "column": 4 }, "end": { "line": 362, "column": 5 } },
        "type": "if",
        "locations": [
          { "start": { "line": 360, "column": 4 }, "end": { "line": 362, "column": 5 } },
          { "start": { "line": 360, "column": 4 }, "end": { "line": 362, "column": 5 } }
        ],
        "line": 360
      },
      "72": {
        "loc": { "start": { "line": 364, "column": 4 }, "end": { "line": 366, "column": 5 } },
        "type": "if",
        "locations": [
          { "start": { "line": 364, "column": 4 }, "end": { "line": 366, "column": 5 } },
          { "start": { "line": 364, "column": 4 }, "end": { "line": 366, "column": 5 } }
        ],
        "line": 364
      },
      "73": {
        "loc": { "start": { "line": 364, "column": 8 }, "end": { "line": 364, "column": 69 } },
        "type": "binary-expr",
        "locations": [
          { "start": { "line": 364, "column": 8 }, "end": { "line": 364, "column": 33 } },
          { "start": { "line": 364, "column": 37 }, "end": { "line": 364, "column": 69 } }
        ],
        "line": 364
      },
      "74": {
        "loc": { "start": { "line": 376, "column": 2 }, "end": { "line": 378, "column": 3 } },
        "type": "if",
        "locations": [
          { "start": { "line": 376, "column": 2 }, "end": { "line": 378, "column": 3 } },
          { "start": { "line": 376, "column": 2 }, "end": { "line": 378, "column": 3 } }
        ],
        "line": 376
      },
      "75": {
        "loc": { "start": { "line": 376, "column": 6 }, "end": { "line": 376, "column": 42 } },
        "type": "binary-expr",
        "locations": [
          { "start": { "line": 376, "column": 6 }, "end": { "line": 376, "column": 12 } },
          { "start": { "line": 376, "column": 16 }, "end": { "line": 376, "column": 42 } }
        ],
        "line": 376
      },
      "76": {
        "loc": { "start": { "line": 382, "column": 35 }, "end": { "line": 382, "column": 54 } },
        "type": "default-arg",
        "locations": [
          { "start": { "line": 382, "column": 45 }, "end": { "line": 382, "column": 54 } }
        ],
        "line": 382
      },
      "77": {
        "loc": { "start": { "line": 384, "column": 2 }, "end": { "line": 386, "column": 3 } },
        "type": "if",
        "locations": [
          { "start": { "line": 384, "column": 2 }, "end": { "line": 386, "column": 3 } },
          { "start": { "line": 384, "column": 2 }, "end": { "line": 386, "column": 3 } }
        ],
        "line": 384
      },
      "78": {
        "loc": { "start": { "line": 397, "column": 2 }, "end": { "line": 399, "column": 3 } },
        "type": "if",
        "locations": [
          { "start": { "line": 397, "column": 2 }, "end": { "line": 399, "column": 3 } },
          { "start": { "line": 397, "column": 2 }, "end": { "line": 399, "column": 3 } }
        ],
        "line": 397
      },
      "79": {
        "loc": { "start": { "line": 402, "column": 2 }, "end": { "line": 404, "column": 3 } },
        "type": "if",
        "locations": [
          { "start": { "line": 402, "column": 2 }, "end": { "line": 404, "column": 3 } },
          { "start": { "line": 402, "column": 2 }, "end": { "line": 404, "column": 3 } }
        ],
        "line": 402
      },
      "80": {
        "loc": { "start": { "line": 421, "column": 6 }, "end": { "line": 439, "column": 7 } },
        "type": "if",
        "locations": [
          { "start": { "line": 421, "column": 6 }, "end": { "line": 439, "column": 7 } },
          { "start": { "line": 421, "column": 6 }, "end": { "line": 439, "column": 7 } }
        ],
        "line": 421
      },
      "81": {
        "loc": { "start": { "line": 422, "column": 17 }, "end": { "line": 422, "column": 50 } },
        "type": "cond-expr",
        "locations": [
          { "start": { "line": 422, "column": 30 }, "end": { "line": 422, "column": 45 } },
          { "start": { "line": 422, "column": 48 }, "end": { "line": 422, "column": 50 } }
        ],
        "line": 422
      },
      "82": {
        "loc": { "start": { "line": 423, "column": 13 }, "end": { "line": 439, "column": 7 } },
        "type": "if",
        "locations": [
          { "start": { "line": 423, "column": 13 }, "end": { "line": 439, "column": 7 } },
          { "start": { "line": 423, "column": 13 }, "end": { "line": 439, "column": 7 } }
        ],
        "line": 423
      },
      "83": {
        "loc": { "start": { "line": 423, "column": 17 }, "end": { "line": 423, "column": 50 } },
        "type": "binary-expr",
        "locations": [
          { "start": { "line": 423, "column": 17 }, "end": { "line": 423, "column": 32 } },
          { "start": { "line": 423, "column": 36 }, "end": { "line": 423, "column": 50 } }
        ],
        "line": 423
      },
      "84": {
        "loc": { "start": { "line": 424, "column": 17 }, "end": { "line": 424, "column": 50 } },
        "type": "cond-expr",
        "locations": [
          { "start": { "line": 424, "column": 30 }, "end": { "line": 424, "column": 45 } },
          { "start": { "line": 424, "column": 48 }, "end": { "line": 424, "column": 50 } }
        ],
        "line": 424
      },
      "85": {
        "loc": { "start": { "line": 427, "column": 19 }, "end": { "line": 427, "column": 52 } },
        "type": "cond-expr",
        "locations": [
          { "start": { "line": 427, "column": 32 }, "end": { "line": 427, "column": 47 } },
          { "start": { "line": 427, "column": 50 }, "end": { "line": 427, "column": 52 } }
        ],
        "line": 427
      },
      "86": {
        "loc": { "start": { "line": 430, "column": 21 }, "end": { "line": 430, "column": 54 } },
        "type": "cond-expr",
        "locations": [
          { "start": { "line": 430, "column": 34 }, "end": { "line": 430, "column": 49 } },
          { "start": { "line": 430, "column": 52 }, "end": { "line": 430, "column": 54 } }
        ],
        "line": 430
      },
      "87": {
        "loc": { "start": { "line": 434, "column": 23 }, "end": { "line": 434, "column": 57 } },
        "type": "binary-expr",
        "locations": [
          { "start": { "line": 434, "column": 23 }, "end": { "line": 434, "column": 38 } },
          { "start": { "line": 434, "column": 42 }, "end": { "line": 434, "column": 57 } }
        ],
        "line": 434
      },
      "88": {
        "loc": { "start": { "line": 448, "column": 4 }, "end": { "line": 450, "column": 5 } },
        "type": "if",
        "locations": [
          { "start": { "line": 448, "column": 4 }, "end": { "line": 450, "column": 5 } },
          { "start": { "line": 448, "column": 4 }, "end": { "line": 450, "column": 5 } }
        ],
        "line": 448
      },
      "89": {
        "loc": { "start": { "line": 448, "column": 8 }, "end": { "line": 448, "column": 70 } },
        "type": "binary-expr",
        "locations": [
          { "start": { "line": 448, "column": 8 }, "end": { "line": 448, "column": 15 } },
          { "start": { "line": 448, "column": 19 }, "end": { "line": 448, "column": 45 } },
          { "start": { "line": 448, "column": 49 }, "end": { "line": 448, "column": 70 } }
        ],
        "line": 448
      },
      "90": {
        "loc": { "start": { "line": 455, "column": 4 }, "end": { "line": 462, "column": 5 } },
        "type": "if",
        "locations": [
          { "start": { "line": 455, "column": 4 }, "end": { "line": 462, "column": 5 } },
          { "start": { "line": 455, "column": 4 }, "end": { "line": 462, "column": 5 } }
        ],
        "line": 455
      },
      "91": {
        "loc": { "start": { "line": 480, "column": 2 }, "end": { "line": 482, "column": 3 } },
        "type": "if",
        "locations": [
          { "start": { "line": 480, "column": 2 }, "end": { "line": 482, "column": 3 } },
          { "start": { "line": 480, "column": 2 }, "end": { "line": 482, "column": 3 } }
        ],
        "line": 480
      },
      "92": {
        "loc": { "start": { "line": 484, "column": 2 }, "end": { "line": 490, "column": 3 } },
        "type": "if",
        "locations": [
          { "start": { "line": 484, "column": 2 }, "end": { "line": 490, "column": 3 } },
          { "start": { "line": 484, "column": 2 }, "end": { "line": 490, "column": 3 } }
        ],
        "line": 484
      },
      "93": {
        "loc": { "start": { "line": 485, "column": 4 }, "end": { "line": 489, "column": 5 } },
        "type": "if",
        "locations": [
          { "start": { "line": 485, "column": 4 }, "end": { "line": 489, "column": 5 } },
          { "start": { "line": 485, "column": 4 }, "end": { "line": 489, "column": 5 } }
        ],
        "line": 485
      },
      "94": {
        "loc": { "start": { "line": 487, "column": 11 }, "end": { "line": 489, "column": 5 } },
        "type": "if",
        "locations": [
          { "start": { "line": 487, "column": 11 }, "end": { "line": 489, "column": 5 } },
          { "start": { "line": 487, "column": 11 }, "end": { "line": 489, "column": 5 } }
        ],
        "line": 487
      },
      "95": {
        "loc": { "start": { "line": 492, "column": 2 }, "end": { "line": 494, "column": 3 } },
        "type": "if",
        "locations": [
          { "start": { "line": 492, "column": 2 }, "end": { "line": 494, "column": 3 } },
          { "start": { "line": 492, "column": 2 }, "end": { "line": 494, "column": 3 } }
        ],
        "line": 492
      },
      "96": {
        "loc": { "start": { "line": 495, "column": 2 }, "end": { "line": 497, "column": 3 } },
        "type": "if",
        "locations": [
          { "start": { "line": 495, "column": 2 }, "end": { "line": 497, "column": 3 } },
          { "start": { "line": 495, "column": 2 }, "end": { "line": 497, "column": 3 } }
        ],
        "line": 495
      },
      "97": {
        "loc": { "start": { "line": 498, "column": 2 }, "end": { "line": 500, "column": 3 } },
        "type": "if",
        "locations": [
          { "start": { "line": 498, "column": 2 }, "end": { "line": 500, "column": 3 } },
          { "start": { "line": 498, "column": 2 }, "end": { "line": 500, "column": 3 } }
        ],
        "line": 498
      },
      "98": {
        "loc": { "start": { "line": 501, "column": 2 }, "end": { "line": 503, "column": 3 } },
        "type": "if",
        "locations": [
          { "start": { "line": 501, "column": 2 }, "end": { "line": 503, "column": 3 } },
          { "start": { "line": 501, "column": 2 }, "end": { "line": 503, "column": 3 } }
        ],
        "line": 501
      },
      "99": {
        "loc": { "start": { "line": 504, "column": 2 }, "end": { "line": 506, "column": 3 } },
        "type": "if",
        "locations": [
          { "start": { "line": 504, "column": 2 }, "end": { "line": 506, "column": 3 } },
          { "start": { "line": 504, "column": 2 }, "end": { "line": 506, "column": 3 } }
        ],
        "line": 504
      },
      "100": {
        "loc": { "start": { "line": 507, "column": 2 }, "end": { "line": 509, "column": 3 } },
        "type": "if",
        "locations": [
          { "start": { "line": 507, "column": 2 }, "end": { "line": 509, "column": 3 } },
          { "start": { "line": 507, "column": 2 }, "end": { "line": 509, "column": 3 } }
        ],
        "line": 507
      },
      "101": {
        "loc": { "start": { "line": 535, "column": 17 }, "end": { "line": 535, "column": 96 } },
        "type": "binary-expr",
        "locations": [
          { "start": { "line": 535, "column": 17 }, "end": { "line": 535, "column": 31 } },
          { "start": { "line": 535, "column": 35 }, "end": { "line": 535, "column": 96 } }
        ],
        "line": 535
      },
      "102": {
        "loc": { "start": { "line": 552, "column": 2 }, "end": { "line": 555, "column": 3 } },
        "type": "if",
        "locations": [
          { "start": { "line": 552, "column": 2 }, "end": { "line": 555, "column": 3 } },
          { "start": { "line": 552, "column": 2 }, "end": { "line": 555, "column": 3 } }
        ],
        "line": 552
      },
      "103": {
        "loc": { "start": { "line": 580, "column": 4 }, "end": { "line": 580, "column": 83 } },
        "type": "cond-expr",
        "locations": [
          { "start": { "line": 580, "column": 34 }, "end": { "line": 580, "column": 44 } },
          { "start": { "line": 580, "column": 47 }, "end": { "line": 580, "column": 83 } }
        ],
        "line": 580
      },
      "104": {
        "loc": { "start": { "line": 593, "column": 2 }, "end": { "line": 595, "column": 3 } },
        "type": "if",
        "locations": [
          { "start": { "line": 593, "column": 2 }, "end": { "line": 595, "column": 3 } },
          { "start": { "line": 593, "column": 2 }, "end": { "line": 595, "column": 3 } }
        ],
        "line": 593
      },
      "105": {
        "loc": { "start": { "line": 597, "column": 2 }, "end": { "line": 600, "column": 3 } },
        "type": "if",
        "locations": [
          { "start": { "line": 597, "column": 2 }, "end": { "line": 600, "column": 3 } },
          { "start": { "line": 597, "column": 2 }, "end": { "line": 600, "column": 3 } }
        ],
        "line": 597
      }
    },
    "s": {
      "0": 0,
      "1": 0,
      "2": 0,
      "3": 0,
      "4": 0,
      "5": 0,
      "6": 0,
      "7": 0,
      "8": 0,
      "9": 0,
      "10": 0,
      "11": 0,
      "12": 0,
      "13": 0,
      "14": 0,
      "15": 0,
      "16": 0,
      "17": 0,
      "18": 0,
      "19": 0,
      "20": 0,
      "21": 0,
      "22": 0,
      "23": 0,
      "24": 0,
      "25": 0,
      "26": 0,
      "27": 0,
      "28": 0,
      "29": 0,
      "30": 0,
      "31": 0,
      "32": 0,
      "33": 0,
      "34": 0,
      "35": 0,
      "36": 0,
      "37": 0,
      "38": 0,
      "39": 0,
      "40": 0,
      "41": 0,
      "42": 0,
      "43": 0,
      "44": 0,
      "45": 0,
      "46": 0,
      "47": 0,
      "48": 0,
      "49": 0,
      "50": 0,
      "51": 0,
      "52": 0,
      "53": 0,
      "54": 0,
      "55": 0,
      "56": 0,
      "57": 0,
      "58": 0,
      "59": 0,
      "60": 0,
      "61": 0,
      "62": 0,
      "63": 0,
      "64": 0,
[...]
        "line": 76
      },
      "9": {
        "name": "getFallbackValue",
        "decl": { "start": { "line": 84, "column": 9 }, "end": { "line": 84, "column": 25 } },
        "loc": { "start": { "line": 84, "column": 31 }, "end": { "line": 86, "column": 1 } },
        "line": 84
      },
      "10": {
        "name": "getTranslationValue",
        "decl": { "start": { "line": 88, "column": 9 }, "end": { "line": 88, "column": 28 } },
        "loc": { "start": { "line": 88, "column": 34 }, "end": { "line": 98, "column": 1 } },
        "line": 88
      },
      "11": {
        "name": "t",
        "decl": { "start": { "line": 100, "column": 9 }, "end": { "line": 100, "column": 10 } },
        "loc": { "start": { "line": 100, "column": 29 }, "end": { "line": 106, "column": 1 } },
        "line": 100
      }
    },
    "branchMap": {
      "0": {
        "loc": { "start": { "line": 12, "column": 2 }, "end": { "line": 14, "column": 3 } },
        "type": "if",
        "locations": [
          { "start": { "line": 12, "column": 2 }, "end": { "line": 14, "column": 3 } },
          { "start": { "line": 12, "column": 2 }, "end": { "line": 14, "column": 3 } }
        ],
        "line": 12
      },
      "1": {
        "loc": { "start": { "line": 16, "column": 2 }, "end": { "line": 18, "column": 3 } },
        "type": "if",
        "locations": [
          { "start": { "line": 16, "column": 2 }, "end": { "line": 18, "column": 3 } },
          { "start": { "line": 16, "column": 2 }, "end": { "line": 18, "column": 3 } }
        ],
        "line": 16
      },
      "2": {
        "loc": { "start": { "line": 16, "column": 6 }, "end": { "line": 16, "column": 54 } },
        "type": "binary-expr",
        "locations": [
          { "start": { "line": 16, "column": 6 }, "end": { "line": 16, "column": 28 } },
          { "start": { "line": 16, "column": 32 }, "end": { "line": 16, "column": 54 } }
        ],
        "line": 16
      },
      "3": {
        "loc": { "start": { "line": 19, "column": 2 }, "end": { "line": 21, "column": 3 } },
        "type": "if",
        "locations": [
          { "start": { "line": 19, "column": 2 }, "end": { "line": 21, "column": 3 } },
          { "start": { "line": 19, "column": 2 }, "end": { "line": 21, "column": 3 } }
        ],
        "line": 19
      },
      "4": {
        "loc": { "start": { "line": 28, "column": 4 }, "end": { "line": 30, "column": 5 } },
        "type": "if",
        "locations": [
          { "start": { "line": 28, "column": 4 }, "end": { "line": 30, "column": 5 } },
          { "start": { "line": 28, "column": 4 }, "end": { "line": 30, "column": 5 } }
        ],
        "line": 28
      },
      "5": {
        "loc": { "start": { "line": 33, "column": 4 }, "end": { "line": 35, "column": 5 } },
        "type": "if",
        "locations": [
          { "start": { "line": 33, "column": 4 }, "end": { "line": 35, "column": 5 } },
          { "start": { "line": 33, "column": 4 }, "end": { "line": 35, "column": 5 } }
        ],
        "line": 33
      },
      "6": {
        "loc": { "start": { "line": 33, "column": 8 }, "end": { "line": 33, "column": 55 } },
        "type": "binary-expr",
        "locations": [
          { "start": { "line": 33, "column": 8 }, "end": { "line": 33, "column": 18 } },
          { "start": { "line": 33, "column": 22 }, "end": { "line": 33, "column": 55 } }
        ],
        "line": 33
      },
      "7": {
        "loc": { "start": { "line": 41, "column": 2 }, "end": { "line": 43, "column": 3 } },
        "type": "if",
        "locations": [
          { "start": { "line": 41, "column": 2 }, "end": { "line": 43, "column": 3 } },
          { "start": { "line": 41, "column": 2 }, "end": { "line": 43, "column": 3 } }
        ],
        "line": 41
      },
      "8": {
        "loc": { "start": { "line": 41, "column": 6 }, "end": { "line": 41, "column": 61 } },
        "type": "binary-expr",
        "locations": [
          { "start": { "line": 41, "column": 6 }, "end": { "line": 41, "column": 20 } },
          { "start": { "line": 41, "column": 24 }, "end": { "line": 41, "column": 61 } }
        ],
        "line": 41
      },
      "9": {
        "loc": { "start": { "line": 49, "column": 19 }, "end": { "line": 49, "column": 86 } },
        "type": "cond-expr",
        "locations": [
          { "start": { "line": 49, "column": 69 }, "end": { "line": 49, "column": 79 } },
          { "start": { "line": 49, "column": 82 }, "end": { "line": 49, "column": 86 } }
        ],
        "line": 49
      },
      "10": {
        "loc": { "start": { "line": 49, "column": 19 }, "end": { "line": 49, "column": 66 } },
        "type": "binary-expr",
        "locations": [
          { "start": { "line": 49, "column": 19 }, "end": { "line": 49, "column": 29 } },
          { "start": { "line": 49, "column": 33 }, "end": { "line": 49, "column": 66 } }
        ],
        "line": 49
      },
      "11": {
        "loc": { "start": { "line": 56, "column": 4 }, "end": { "line": 60, "column": 5 } },
        "type": "if",
        "locations": [
          { "start": { "line": 56, "column": 4 }, "end": { "line": 60, "column": 5 } },
          { "start": { "line": 56, "column": 4 }, "end": { "line": 60, "column": 5 } }
        ],
        "line": 56
      },
      "12": {
        "loc": { "start": { "line": 56, "column": 8 }, "end": { "line": 56, "column": 73 } },
        "type": "binary-expr",
        "locations": [
          { "start": { "line": 56, "column": 8 }, "end": { "line": 56, "column": 15 } },
          { "start": { "line": 56, "column": 19 }, "end": { "line": 56, "column": 73 } }
        ],
        "line": 56
      },
      "13": {
        "loc": { "start": { "line": 67, "column": 4 }, "end": { "line": 69, "column": 5 } },
        "type": "if",
        "locations": [
          { "start": { "line": 67, "column": 4 }, "end": { "line": 69, "column": 5 } },
          { "start": { "line": 67, "column": 4 }, "end": { "line": 69, "column": 5 } }
        ],
        "line": 67
      },
      "14": {
        "loc": { "start": { "line": 75, "column": 2 }, "end": { "line": 77, "column": 3 } },
        "type": "if",
        "locations": [
          { "start": { "line": 75, "column": 2 }, "end": { "line": 77, "column": 3 } },
          { "start": { "line": 75, "column": 2 }, "end": { "line": 77, "column": 3 } }
        ],
        "line": 75
      },
      "15": {
        "loc": { "start": { "line": 78, "column": 2 }, "end": { "line": 80, "column": 3 } },
        "type": "if",
        "locations": [
          { "start": { "line": 78, "column": 2 }, "end": { "line": 80, "column": 3 } },
          { "start": { "line": 78, "column": 2 }, "end": { "line": 80, "column": 3 } }
        ],
        "line": 78
      },
      "16": {
        "loc": { "start": { "line": 91, "column": 2 }, "end": { "line": 93, "column": 3 } },
        "type": "if",
        "locations": [
          { "start": { "line": 91, "column": 2 }, "end": { "line": 93, "column": 3 } },
          { "start": { "line": 91, "column": 2 }, "end": { "line": 93, "column": 3 } }
        ],
        "line": 91
      },
      "17": {
        "loc": { "start": { "line": 94, "column": 2 }, "end": { "line": 96, "column": 3 } },
        "type": "if",
        "locations": [
          { "start": { "line": 94, "column": 2 }, "end": { "line": 96, "column": 3 } },
          { "start": { "line": 94, "column": 2 }, "end": { "line": 96, "column": 3 } }
        ],
        "line": 94
      },
      "18": {
        "loc": { "start": { "line": 100, "column": 16 }, "end": { "line": 100, "column": 27 } },
        "type": "default-arg",
        "locations": [
          { "start": { "line": 100, "column": 25 }, "end": { "line": 100, "column": 27 } }
        ],
        "line": 100
      },
      "19": {
        "loc": { "start": { "line": 102, "column": 2 }, "end": { "line": 104, "column": 3 } },
        "type": "if",
        "locations": [
          { "start": { "line": 102, "column": 2 }, "end": { "line": 104, "column": 3 } },
          { "start": { "line": 102, "column": 2 }, "end": { "line": 104, "column": 3 } }
        ],
        "line": 102
      }
    },
    "s": {
      "0": 0,
      "1": 0,
      "2": 0,
      "3": 0,
      "4": 0,
      "5": 0,
      "6": 0,
      "7": 0,
      "8": 0,
      "9": 0,
      "10": 0,
      "11": 0,
      "12": 0,
      "13": 0,
      "14": 0,
      "15": 0,
      "16": 0,
      "17": 0,
      "18": 0,
      "19": 0,
      "20": 0,
      "21": 0,
      "22": 0,
      "23": 0,
      "24": 0,
      "25": 0,
      "26": 0,
      "27": 0,
      "28": 0,
      "29": 0,
      "30": 0,
      "31": 0,
      "32": 0,
      "33": 0,
      "34": 0,
      "35": 0,
      "36": 0,
      "37": 0,
      "38": 0,
      "39": 0,
      "40": 0,
      "41": 0,
      "42": 0,
      "43": 0,
      "44": 0,
      "45": 0,
      "46": 0,
      "47": 0,
      "48": 0,
      "49": 0,
      "50": 0,
      "51": 0,
      "52": 0,
      "53": 0,
      "54": 0,
      "55": 0
    },
    "f": {
      "0": 0,
      "1": 0,
      "2": 0,
      "3": 0,
      "4": 0,
      "5": 0,
      "6": 0,
      "7": 0,
      "8": 0,
      "9": 0,
      "10": 0,
      "11": 0
    },
    "b": {
      "0": [0, 0],
      "1": [0, 0],
      "2": [0, 0],
      "3": [0, 0],
      "4": [0, 0],
      "5": [0, 0],
      "6": [0, 0],
      "7": [0, 0],
      "8": [0, 0],
      "9": [0, 0],
      "10": [0, 0],
      "11": [0, 0],
      "12": [0, 0],
      "13": [0, 0],
      "14": [0, 0],
      "15": [0, 0],
      "16": [0, 0],
      "17": [0, 0],
      "18": [0],
      "19": [0, 0]
    },
    "all": true
  },
  "d:\\Work\\tsutsman\\Github\\ts-dustbuster\\src\\logging.js": {
    "path": "d:\\Work\\tsutsman\\Github\\ts-dustbuster\\src\\logging.js",
    "statementMap": {
      "0": { "start": { "line": 1, "column": 16 }, "end": { "line": 1, "column": 34 } },
      "1": { "start": { "line": 2, "column": 18 }, "end": { "line": 2, "column": 36 } },
      "2": { "start": { "line": 4, "column": 17 }, "end": { "line": 4, "column": 21 } },
      "3": { "start": { "line": 7, "column": 2 }, "end": { "line": 23, "column": 3 } },
      "4": { "start": { "line": 8, "column": 4 }, "end": { "line": 22, "column": 7 } },
      "5": { "start": { "line": 24, "column": 2 }, "end": { "line": 24, "column": 20 } },
      "6": { "start": { "line": 29, "column": 2 }, "end": { "line": 29, "column": 23 } },
      "7": { "start": { "line": 31, "column": 17 }, "end": { "line": 31, "column": 32 } },
      "8": { "start": { "line": 32, "column": 2 }, "end": { "line": 34, "column": 3 } },
      "9": { "start": { "line": 33, "column": 4 }, "end": { "line": 33, "column": 31 } },
      "10": { "start": { "line": 38, "column": 2 }, "end": { "line": 38, "column": 32 } },
      "11": { "start": { "line": 40, "column": 17 }, "end": { "line": 40, "column": 32 } },
      "12": { "start": { "line": 41, "column": 2 }, "end": { "line": 43, "column": 3 } },
      "13": { "start": { "line": 42, "column": 4 }, "end": { "line": 42, "column": 72 } },
      "14": { "start": { "line": 46, "column": 0 }, "end": { "line": 49, "column": 2 } }
    },
    "fnMap": {
      "0": {
        "name": "getFileLogger",
        "decl": { "start": { "line": 6, "column": 9 }, "end": { "line": 6, "column": 22 } },
        "loc": { "start": { "line": 6, "column": 25 }, "end": { "line": 25, "column": 1 } },
        "line": 6
      },
      "1": {
        "name": "log",
        "decl": { "start": { "line": 27, "column": 9 }, "end": { "line": 27, "column": 12 } },
        "loc": { "start": { "line": 27, "column": 38 }, "end": { "line": 35, "column": 1 } },
        "line": 27
      },
      "2": {
        "name": "logError",
        "decl": { "start": { "line": 37, "column": 9 }, "end": { "line": 37, "column": 17 } },
        "loc": { "start": { "line": 37, "column": 34 }, "end": { "line": 44, "column": 1 } },
        "line": 37
      }
    },
    "branchMap": {
      "0": {
        "loc": { "start": { "line": 7, "column": 2 }, "end": { "line": 23, "column": 3 } },
        "type": "if",
        "locations": [
          { "start": { "line": 7, "column": 2 }, "end": { "line": 23, "column": 3 } },
          { "start": { "line": 7, "column": 2 }, "end": { "line": 23, "column": 3 } }
        ],
        "line": 7
      },
      "1": {
        "loc": { "start": { "line": 7, "column": 6 }, "end": { "line": 7, "column": 34 } },
        "type": "binary-expr",
        "locations": [
          { "start": { "line": 7, "column": 6 }, "end": { "line": 7, "column": 17 } },
          { "start": { "line": 7, "column": 21 }, "end": { "line": 7, "column": 34 } }
        ],
        "line": 7
      },
      "2": {
        "loc": { "start": { "line": 27, "column": 22 }, "end": { "line": 27, "column": 36 } },
        "type": "default-arg",
        "locations": [
          { "start": { "line": 27, "column": 30 }, "end": { "line": 27, "column": 36 } }
        ],
        "line": 27
      },
      "3": {
        "loc": { "start": { "line": 32, "column": 2 }, "end": { "line": 34, "column": 3 } },
        "type": "if",
        "locations": [
          { "start": { "line": 32, "column": 2 }, "end": { "line": 34, "column": 3 } },
          { "start": { "line": 32, "column": 2 }, "end": { "line": 34, "column": 3 } }
        ],
        "line": 32
      },
      "4": {
        "loc": { "start": { "line": 41, "column": 2 }, "end": { "line": 43, "column": 3 } },
        "type": "if",
        "locations": [
          { "start": { "line": 41, "column": 2 }, "end": { "line": 43, "column": 3 } },
          { "start": { "line": 41, "column": 2 }, "end": { "line": 43, "column": 3 } }
        ],
        "line": 41
      }
    },
    "s": {
      "0": 0,
      "1": 0,
      "2": 0,
      "3": 0,
      "4": 0,
      "5": 0,
      "6": 0,
      "7": 0,
      "8": 0,
      "9": 0,
      "10": 0,
      "11": 0,
      "12": 0,
      "13": 0,
      "14": 0
    },
    "f": { "0": 0, "1": 0, "2": 0 },
    "b": { "0": [0, 0], "1": [0, 0], "2": [0], "3": [0, 0], "4": [0, 0] },
    "all": true
  },
  "d:\\Work\\tsutsman\\Github\\ts-dustbuster\\src\\state.js": {
    "path": "d:\\Work\\tsutsman\\Github\\ts-dustbuster\\src\\state.js",
    "statementMap": {
      "0": { "start": { "line": 1, "column": 21 }, "end": { "line": 1, "column": 45 } },
      "1": { "start": { "line": 4, "column": 2 }, "end": { "line": 21, "column": 4 } },
      "2": { "start": { "line": 24, "column": 24 }, "end": { "line": 24, "column": 45 } },
      "3": { "start": { "line": 26, "column": 14 }, "end": { "line": 35, "column": 1 } },
      "4": { "start": { "line": 38, "column": 19 }, "end": { "line": 38, "column": 35 } },
      "5": { "start": { "line": 39, "column": 2 }, "end": { "line": 39, "column": 33 } },
      "6": { "start": { "line": 40, "column": 2 }, "end": { "line": 40, "column": 37 } },
      "7": { "start": { "line": 41, "column": 2 }, "end": { "line": 41, "column": 39 } },
      "8": { "start": { "line": 42, "column": 2 }, "end": { "line": 42, "column": 35 } },
      "9": { "start": { "line": 43, "column": 2 }, "end": { "line": 43, "column": 39 } },
      "10": { "start": { "line": 44, "column": 2 }, "end": { "line": 44, "column": 35 } },
      "11": { "start": { "line": 45, "column": 2 }, "end": { "line": 45, "column": 37 } },
      "12": { "start": { "line": 46, "column": 2 }, "end": { "line": 46, "column": 41 } },
      "13": { "start": { "line": 47, "column": 2 }, "end": { "line": 47, "column": 43 } },
      "14": { "start": { "line": 48, "column": 2 }, "end": { "line": 48, "column": 57 } },
      "15": { "start": { "line": 49, "column": 2 }, "end": { "line": 49, "column": 61 } },
      "16": { "start": { "line": 50, "column": 2 }, "end": { "line": 50, "column": 53 } },
      "17": { "start": { "line": 51, "column": 2 }, "end": { "line": 51, "column": 47 } },
      "18": { "start": { "line": 52, "column": 2 }, "end": { "line": 52, "column": 57 } },
      "19": { "start": { "line": 53, "column": 2 }, "end": { "line": 53, "column": 51 } },
      "20": { "start": { "line": 54, "column": 2 }, "end": { "line": 54, "column": 61 } },
      "21": { "start": { "line": 55, "column": 2 }, "end": { "line": 55, "column": 49 } },
      "22": { "start": { "line": 56, "column": 2 }, "end": { "line": 56, "column": 32 } },
      "23": { "start": { "line": 57, "column": 2 }, "end": { "line": 57, "column": 35 } },
      "24": { "start": { "line": 58, "column": 2 }, "end": { "line": 58, "column": 28 } },
      "25": { "start": { "line": 59, "column": 2 }, "end": { "line": 59, "column": 32 } },
      "26": { "start": { "line": 60, "column": 2 }, "end": { "line": 60, "column": 29 } },
      "27": { "start": { "line": 64, "column": 2 }, "end": { "line": 79, "column": 4 } },
      "28": { "start": { "line": 82, "column": 0 }, "end": { "line": 86, "column": 2 } }
    },
    "fnMap": {
      "0": {
        "name": "createDefaults",
        "decl": { "start": { "line": 3, "column": 9 }, "end": { "line": 3, "column": 23 } },
        "loc": { "start": { "line": 3, "column": 26 }, "end": { "line": 22, "column": 1 } },
        "line": 3
      },
      "1": {
        "name": "resetState",
        "decl": { "start": { "line": 37, "column": 9 }, "end": { "line": 37, "column": 19 } },
        "loc": { "start": { "line": 37, "column": 22 }, "end": { "line": 61, "column": 1 } },
        "line": 37
      },
      "2": {
        "name": "getOptions",
        "decl": { "start": { "line": 63, "column": 9 }, "end": { "line": 63, "column": 19 } },
        "loc": { "start": { "line": 63, "column": 22 }, "end": { "line": 80, "column": 1 } },
        "line": 63
      }
    },
    "branchMap": {},
    "s": {
      "0": 0,
      "1": 0,
      "2": 0,
      "3": 0,
      "4": 0,
      "5": 0,
      "6": 0,
      "7": 0,
      "8": 0,
      "9": 0,
      "10": 0,
      "11": 0,
      "12": 0,
      "13": 0,
      "14": 0,
      "15": 0,
      "16": 0,
      "17": 0,
      "18": 0,
      "19": 0,
      "20": 0,
      "21": 0,
      "22": 0,
      "23": 0,
      "24": 0,
      "25": 0,
      "26": 0,
      "27": 0,
      "28": 0
    },
    "f": { "0": 0, "1": 0, "2": 0 },
    "b": {},
    "all": true
  },
  "d:\\Work\\tsutsman\\Github\\ts-dustbuster\\src\\utils\\path.js": {
    "path": "d:\\Work\\tsutsman\\Github\\ts-dustbuster\\src\\utils\\path.js",
    "statementMap": {
      "0": { "start": { "line": 1, "column": 13 }, "end": { "line": 1, "column": 28 } },
      "1": { "start": { "line": 4, "column": 2 }, "end": { "line": 4, "column": 30 } },
      "2": { "start": { "line": 8, "column": 14 }, "end": { "line": 8, "column": 42 } },
      "3": { "start": { "line": 9, "column": 2 }, "end": { "line": 9, "column": 72 } },
      "4": { "start": { "line": 12, "column": 0 }, "end": { "line": 15, "column": 2 } }
    },
    "fnMap": {
      "0": {
        "name": "normalizePath",
        "decl": { "start": { "line": 3, "column": 9 }, "end": { "line": 3, "column": 22 } },
        "loc": { "start": { "line": 3, "column": 31 }, "end": { "line": 5, "column": 1 } },
        "line": 3
      },
      "1": {
        "name": "isWithin",
        "decl": { "start": { "line": 7, "column": 9 }, "end": { "line": 7, "column": 17 } },
        "loc": { "start": { "line": 7, "column": 33 }, "end": { "line": 10, "column": 1 } },
        "line": 7
      }
    },
    "branchMap": {
      "0": {
        "loc": { "start": { "line": 9, "column": 9 }, "end": { "line": 9, "column": 71 } },
        "type": "binary-expr",
        "locations": [
          { "start": { "line": 9, "column": 9 }, "end": { "line": 9, "column": 19 } },
          { "start": { "line": 9, "column": 24 }, "end": { "line": 9, "column": 45 } },
          { "start": { "line": 9, "column": 49 }, "end": { "line": 9, "column": 70 } }
        ],
        "line": 9
      }
    },
    "s": { "0": 0, "1": 0, "2": 0, "3": 0, "4": 0 },
    "f": { "0": 0, "1": 0 },
    "b": { "0": [0, 0, 0] },
    "all": true
  }
}
