TN:
SF:cleaner.js
FN:25,isRunningAsMain
FN:32,runCli
FN:39,resetOptions
FNF:3
FNH:3
FNDA:7,isRunningAsMain
FNDA:8,runCli
FNDA:68,resetOptions
DA:2,1
DA:17,1
DA:23,1
DA:26,7
DA:27,6
DA:29,1
DA:33,8
DA:40,68
DA:41,68
DA:42,68
DA:45,1
DA:46,1
DA:48,1
LF:13
LH:13
BRDA:26,0,0,6
BRDA:26,0,1,1
BRF:2
BRH:2
end_of_record
TN:
SF:src\config.js
FN:24,originPrefix
FN:28,extractErrorMessage
FN:32,parseDuration
FN:69,setMaxAge
FN:83,setConcurrency
FN:108,addExtraDir
FN:115,addExclusion
FN:122,createEmptyPresetData
FN:137,mergePresetData
FN:152,ensureArrayOfStrings
FN:156,(anonymous_10)
FN:172,ensureOptionalBoolean
FN:182,ensureOptionalLogFile
FN:196,ensureOptionalMaxAge
FN:213,ensureOptionalConcurrency
FN:230,buildConfigSchema
FN:275,extractConfig
FN:285,(anonymous_17)
FN:292,(anonymous_18)
FN:310,resolvePreset
FN:334,(anonymous_20)
FN:374,getCachedConfig
FN:382,parseConfigFile
FN:476,applyConfigData
FN:477,(anonymous_24)
FN:478,(anonymous_25)
FN:512,applyConfigFromPath
FN:523,listConfigFilesInDirectory
FN:535,(anonymous_28)
FN:537,(anonymous_29)
FN:538,(anonymous_30)
FN:543,applyConfigFromDirectory
FN:578,handleConfigArgument
FN:605,handlePresetArgument
FNF:34
FNH:34
FNDA:12,originPrefix
FNDA:8,extractErrorMessage
FNDA:4,parseDuration
FNDA:3,setMaxAge
FNDA:7,setConcurrency
FNDA:8,addExtraDir
FNDA:4,addExclusion
FNDA:32,createEmptyPresetData
FNDA:16,mergePresetData
FNDA:11,ensureArrayOfStrings
FNDA:10,(anonymous_10)
FNDA:64,ensureOptionalBoolean
FNDA:13,ensureOptionalLogFile
FNDA:14,ensureOptionalMaxAge
FNDA:13,ensureOptionalConcurrency
FNDA:1,buildConfigSchema
FNDA:15,extractConfig
FNDA:6,(anonymous_17)
FNDA:1,(anonymous_18)
FNDA:5,resolvePreset
FNDA:11,(anonymous_20)
FNDA:17,getCachedConfig
FNDA:17,parseConfigFile
FNDA:8,applyConfigData
FNDA:7,(anonymous_24)
FNDA:1,(anonymous_25)
FNDA:11,applyConfigFromPath
FNDA:4,listConfigFilesInDirectory
FNDA:7,(anonymous_28)
FNDA:4,(anonymous_29)
FNDA:2,(anonymous_30)
FNDA:4,applyConfigFromDirectory
FNDA:15,handleConfigArgument
FNDA:2,handlePresetArgument
DA:1,1
DA:2,1
DA:3,1
DA:4,1
DA:5,1
DA:6,1
DA:8,1
DA:9,1
DA:10,1
DA:25,12
DA:29,8
DA:33,4
DA:34,0
DA:36,4
DA:37,0
DA:38,0
DA:40,0
DA:42,4
DA:43,0
DA:45,4
DA:46,4
DA:47,0
DA:49,4
DA:50,4
DA:51,1
DA:53,3
DA:54,3
DA:55,3
DA:62,3
DA:63,3
DA:64,0
DA:66,3
DA:70,3
DA:71,0
DA:72,0
DA:74,3
DA:75,3
DA:76,1
DA:77,1
DA:79,2
DA:80,2
DA:84,7
DA:85,0
DA:87,7
DA:88,0
DA:89,0
DA:91,7
DA:92,7
DA:93,2
DA:94,2
DA:96,5
DA:97,5
DA:98,0
DA:99,0
DA:101,5
DA:102,5
DA:103,4
DA:105,5
DA:109,8
DA:110,8
DA:111,7
DA:116,4
DA:117,4
DA:118,4
DA:123,32
DA:138,16
DA:153,11
DA:154,1
DA:156,10
DA:157,10
DA:158,0
DA:162,10
DA:163,10
DA:164,0
DA:168,10
DA:173,64
DA:174,53
DA:176,11
DA:177,1
DA:179,10
DA:183,13
DA:184,12
DA:186,1
DA:187,0
DA:189,1
DA:190,0
DA:192,1
DA:193,1
DA:197,14
DA:198,13
DA:200,1
DA:201,0
DA:203,1
DA:204,0
DA:206,1
DA:207,1
DA:208,0
DA:210,1
DA:214,13
DA:215,8
DA:217,5
DA:218,1
DA:220,4
DA:221,4
DA:222,1
DA:224,3
DA:225,1
DA:227,2
DA:231,1
DA:235,1
DA:276,15
DA:278,15
DA:279,26
DA:280,0
DA:284,15
DA:285,7
DA:286,6
DA:288,6
DA:291,14
DA:292,1
DA:293,1
DA:295,1
DA:298,14
DA:299,14
DA:300,13
DA:301,13
DA:302,13
DA:303,13
DA:304,13
DA:305,11
DA:307,11
DA:311,5
DA:312,0
DA:315,5
DA:316,5
DA:317,5
DA:318,5
DA:320,5
DA:322,5
DA:323,2
DA:325,3
DA:326,3
DA:327,2
DA:328,2
DA:329,2
DA:333,5
DA:334,5
DA:335,11
DA:336,7
DA:338,4
DA:339,4
DA:340,4
DA:341,4
DA:345,5
DA:346,2
DA:348,3
DA:349,9
DA:350,0
DA:352,9
DA:357,5
DA:358,5
DA:359,10
DA:360,10
DA:361,0
DA:363,10
DA:364,10
DA:365,4
DA:369,1
DA:375,17
DA:376,17
DA:377,1
DA:379,16
DA:383,17
DA:384,17
DA:385,0
DA:389,17
DA:390,17
DA:392,0
DA:397,17
DA:398,0
DA:401,17
DA:402,17
DA:403,1
DA:406,16
DA:408,16
DA:410,16
DA:411,16
DA:413,0
DA:418,16
DA:420,16
DA:421,16
DA:422,11
DA:423,5
DA:424,5
DA:426,0
DA:427,0
DA:429,0
DA:430,0
DA:432,0
DA:441,0
DA:448,16
DA:449,1
DA:452,15
DA:453,15
DA:455,15
DA:456,3
DA:457,3
DA:458,3
DA:459,3
DA:460,3
DA:464,15
DA:465,15
DA:466,15
DA:467,11
DA:469,11
DA:470,11
DA:472,16
DA:477,8
DA:478,8
DA:480,8
DA:481,1
DA:484,8
DA:485,3
DA:486,1
DA:487,2
DA:488,0
DA:492,8
DA:493,3
DA:495,8
DA:496,2
DA:498,8
DA:499,3
DA:501,8
DA:502,0
DA:504,8
DA:505,1
DA:507,8
DA:508,1
DA:513,11
DA:514,11
DA:515,7
DA:516,7
DA:518,4
DA:519,4
DA:525,4
DA:526,4
DA:528,1
DA:533,3
DA:535,7
DA:537,4
DA:538,2
DA:540,3
DA:545,4
DA:546,4
DA:548,1
DA:549,1
DA:552,3
DA:553,1
DA:554,1
DA:557,2
DA:559,2
DA:560,3
DA:561,3
DA:562,2
DA:564,1
DA:565,1
DA:569,1
DA:570,1
DA:571,1
DA:573,0
DA:574,0
DA:579,15
DA:584,15
DA:585,15
DA:587,0
DA:590,0
DA:593,15
DA:594,4
DA:597,11
DA:598,1
DA:599,1
DA:602,10
DA:606,2
DA:607,2
DA:608,1
DA:610,1
DA:611,1
DA:615,1
LF:288
LH:247
BRDA:25,0,0,8
BRDA:25,0,1,4
BRDA:29,1,0,8
BRDA:29,1,1,0
BRDA:33,2,0,0
BRDA:33,2,1,4
BRDA:33,3,0,4
BRDA:33,3,1,4
BRDA:36,4,0,0
BRDA:36,4,1,4
BRDA:36,5,0,4
BRDA:36,5,1,0
BRDA:37,6,0,0
BRDA:37,6,1,0
BRDA:42,7,0,0
BRDA:42,7,1,4
BRDA:46,8,0,0
BRDA:46,8,1,4
BRDA:50,9,0,1
BRDA:50,9,1,3
BRDA:54,10,0,3
BRDA:54,10,1,0
BRDA:63,11,0,0
BRDA:63,11,1,3
BRDA:70,12,0,0
BRDA:70,12,1,3
BRDA:75,13,0,1
BRDA:75,13,1,2
BRDA:75,14,0,3
BRDA:75,14,1,2
BRDA:84,15,0,0
BRDA:84,15,1,7
BRDA:87,16,0,0
BRDA:87,16,1,7
BRDA:91,17,0,2
BRDA:91,17,1,5
BRDA:92,18,0,2
BRDA:92,18,1,5
BRDA:92,19,0,7
BRDA:92,19,1,6
BRDA:97,20,0,0
BRDA:97,20,1,5
BRDA:102,21,0,4
BRDA:102,21,1,1
BRDA:108,22,0,8
BRDA:109,23,0,8
BRDA:109,23,1,0
BRDA:110,24,0,7
BRDA:110,24,1,1
BRDA:115,25,0,4
BRDA:116,26,0,4
BRDA:116,26,1,0
BRDA:117,27,0,4
BRDA:117,27,1,0
BRDA:141,28,0,1
BRDA:141,28,1,15
BRDA:142,29,0,5
BRDA:142,29,1,11
BRDA:143,30,0,3
BRDA:143,30,1,13
BRDA:144,31,0,6
BRDA:144,31,1,10
BRDA:145,32,0,0
BRDA:145,32,1,16
BRDA:146,33,0,1
BRDA:146,33,1,15
BRDA:147,34,0,3
BRDA:147,34,1,13
BRDA:148,35,0,1
BRDA:148,35,1,15
BRDA:153,36,0,1
BRDA:153,36,1,10
BRDA:157,37,0,0
BRDA:157,37,1,10
BRDA:163,38,0,0
BRDA:163,38,1,10
BRDA:173,39,0,53
BRDA:173,39,1,11
BRDA:176,40,0,1
BRDA:176,40,1,10
BRDA:183,41,0,12
BRDA:183,41,1,1
BRDA:186,42,0,0
BRDA:186,42,1,1
BRDA:189,43,0,0
BRDA:189,43,1,1
BRDA:189,44,0,1
BRDA:189,44,1,1
BRDA:193,45,0,0
BRDA:193,45,1,1
BRDA:197,46,0,13
BRDA:197,46,1,1
BRDA:200,47,0,0
BRDA:200,47,1,1
BRDA:203,48,0,0
BRDA:203,48,1,1
BRDA:203,49,0,1
BRDA:203,49,1,0
BRDA:207,50,0,0
BRDA:207,50,1,1
BRDA:207,51,0,1
BRDA:207,51,1,1
BRDA:214,52,0,8
BRDA:214,52,1,5
BRDA:217,53,0,1
BRDA:217,53,1,4
BRDA:220,54,0,3
BRDA:220,54,1,1
BRDA:221,55,0,1
BRDA:221,55,1,3
BRDA:221,56,0,4
BRDA:221,56,1,3
BRDA:224,57,0,1
BRDA:224,57,1,2
BRDA:279,58,0,0
BRDA:279,58,1,26
BRDA:284,59,0,7
BRDA:284,59,1,8
BRDA:286,60,0,0
BRDA:286,60,1,6
BRDA:291,61,0,1
BRDA:291,61,1,13
BRDA:293,62,0,0
BRDA:293,62,1,1
BRDA:311,63,0,0
BRDA:311,63,1,5
BRDA:311,64,0,5
BRDA:311,64,1,5
BRDA:320,65,0,5
BRDA:320,65,1,0
BRDA:322,66,0,2
BRDA:322,66,1,3
BRDA:326,67,0,2
BRDA:326,67,1,1
BRDA:335,68,0,7
BRDA:335,68,1,4
BRDA:345,69,0,2
BRDA:345,69,1,3
BRDA:349,70,0,0
BRDA:349,70,1,9
BRDA:360,71,0,0
BRDA:360,71,1,10
BRDA:364,72,0,4
BRDA:364,72,1,6
BRDA:364,73,0,10
BRDA:364,73,1,4
BRDA:376,74,0,1
BRDA:376,74,1,16
BRDA:376,75,0,17
BRDA:376,75,1,1
BRDA:382,76,0,14
BRDA:384,77,0,0
BRDA:384,77,1,17
BRDA:397,78,0,0
BRDA:397,78,1,17
BRDA:402,79,0,1
BRDA:402,79,1,16
BRDA:421,80,0,11
BRDA:421,80,1,5
BRDA:422,81,0,11
BRDA:422,81,1,0
BRDA:423,82,0,5
BRDA:423,82,1,0
BRDA:423,83,0,5
BRDA:423,83,1,0
BRDA:424,84,0,5
BRDA:424,84,1,0
BRDA:427,85,0,0
BRDA:427,85,1,0
BRDA:430,86,0,0
BRDA:430,86,1,0
BRDA:434,87,0,0
BRDA:434,87,1,0
BRDA:448,88,0,1
BRDA:448,88,1,15
BRDA:448,89,0,16
BRDA:448,89,1,16
BRDA:448,89,2,16
BRDA:455,90,0,3
BRDA:455,90,1,12
BRDA:480,91,0,1
BRDA:480,91,1,7
BRDA:484,92,0,3
BRDA:484,92,1,5
BRDA:485,93,0,1
BRDA:485,93,1,2
BRDA:487,94,0,0
BRDA:487,94,1,2
BRDA:492,95,0,3
BRDA:492,95,1,5
BRDA:495,96,0,2
BRDA:495,96,1,6
BRDA:498,97,0,3
BRDA:498,97,1,5
BRDA:501,98,0,0
BRDA:501,98,1,8
BRDA:504,99,0,1
BRDA:504,99,1,7
BRDA:507,100,0,1
BRDA:507,100,1,7
BRDA:535,101,0,7
BRDA:535,101,1,5
BRDA:552,102,0,1
BRDA:552,102,1,2
BRDA:580,103,0,14
BRDA:580,103,1,1
BRDA:593,104,0,4
BRDA:593,104,1,11
BRDA:597,105,0,1
BRDA:597,105,1,10
BRF:210
BRH:162
end_of_record
TN:
SF:src\core.js
FN:13,createSkipStats
FN:21,currentPlatform
FN:25,currentNodeMajor
FN:32,setExecSyncHandler
FN:36,setPlatformOverride
FN:40,setNodeVersionOverride
FN:48,setMainOverride
FN:52,setParsedOkOverride
FN:56,setPreviewPromptHandler
FN:60,closePreviewInterface
FN:67,isPermissionError
FN:71,recordPermissionDenied
FN:81,askForPreviewConfirmation
FN:98,(anonymous_13)
FN:99,(anonymous_14)
FN:112,inspectPath
FN:157,getByteUnits
FN:165,formatBytes
FN:179,registerSkip
FN:190,createMetrics
FN:202,mergeMetrics
FN:228,isExcluded
FN:233,(anonymous_22)
FN:236,filterTargetsByPreview
FN:287,pushIfExists
FN:294,runWithLimit
FN:299,(anonymous_26)
FN:304,(anonymous_27)
FN:325,removeDirContents
FN:399,concurrencyLimit
FN:409,clean
FN:414,(anonymous_31)
FN:490,(anonymous_32)
FN:493,(anonymous_33)
FN:529,(anonymous_34)
FN:529,(anonymous_35)
FN:550,(anonymous_36)
FN:553,(anonymous_37)
FN:583,logSummary
FN:598,(anonymous_39)
FN:599,(anonymous_40)
FN:603,(anonymous_41)
FN:615,(anonymous_42)
FN:619,(anonymous_43)
FN:620,(anonymous_44)
FN:632,(anonymous_45)
FN:648,getDurationUnits
FN:656,formatDuration
FN:679,setCleanOverride
FN:683,getCleanInvoker
FN:687,isAdmin
FN:696,advancedWindowsClean
FN:721,(anonymous_52)
FNF:53
FNH:48
FNDA:49,createSkipStats
FNDA:6,currentPlatform
FNDA:8,currentNodeMajor
FNDA:7,setExecSyncHandler
FNDA:8,setPlatformOverride
FNDA:14,setNodeVersionOverride
FNDA:12,setMainOverride
FNDA:12,setParsedOkOverride
FNDA:2,setPreviewPromptHandler
FNDA:70,closePreviewInterface
FNDA:4,isPermissionError
FNDA:1,recordPermissionDenied
FNDA:2,askForPreviewConfirmation
FNDA:0,(anonymous_13)
FNDA:0,(anonymous_14)
FNDA:57,inspectPath
FNDA:44,getByteUnits
FNDA:44,formatBytes
FNDA:2,registerSkip
FNDA:49,createMetrics
FNDA:34,mergeMetrics
FNDA:82,isExcluded
FNDA:5,(anonymous_22)
FNDA:2,filterTargetsByPreview
FNDA:45,pushIfExists
FNDA:3,runWithLimit
FNDA:13,(anonymous_26)
FNDA:13,(anonymous_27)
FNDA:36,removeDirContents
FNDA:11,concurrencyLimit
FNDA:13,clean
FNDA:12,(anonymous_31)
FNDA:0,(anonymous_32)
FNDA:36,(anonymous_33)
FNDA:34,(anonymous_34)
FNDA:34,(anonymous_35)
FNDA:34,(anonymous_36)
FNDA:34,(anonymous_37)
FNDA:5,logSummary
FNDA:6,(anonymous_39)
FNDA:4,(anonymous_40)
FNDA:5,(anonymous_41)
FNDA:15,(anonymous_42)
FNDA:0,(anonymous_43)
FNDA:0,(anonymous_44)
FNDA:1,(anonymous_45)
FNDA:10,getDurationUnits
FNDA:10,formatDuration
FNDA:2,setCleanOverride
FNDA:1,getCleanInvoker
FNDA:3,isAdmin
FNDA:3,advancedWindowsClean
FNDA:4,(anonymous_52)
DA:1,1
DA:2,1
DA:3,1
DA:4,1
DA:5,1
DA:6,1
DA:7,1
DA:8,1
DA:10,1
DA:11,1
DA:14,49
DA:22,6
DA:26,8
DA:27,7
DA:29,1
DA:33,7
DA:37,8
DA:41,14
DA:42,7
DA:44,7
DA:49,12
DA:53,12
DA:57,2
DA:61,70
DA:62,0
DA:63,0
DA:68,4
DA:72,1
DA:73,0
DA:75,1
DA:76,1
DA:77,1
DA:82,2
DA:83,2
DA:86,0
DA:87,0
DA:88,0
DA:91,0
DA:92,0
DA:98,0
DA:99,0
DA:100,0
DA:102,0
DA:107,0
DA:113,57
DA:114,57
DA:115,57
DA:116,0
DA:117,0
DA:119,0
DA:120,0
DA:122,0
DA:125,57
DA:126,12
DA:127,12
DA:128,12
DA:129,12
DA:130,12
DA:131,12
DA:132,12
DA:133,12
DA:134,12
DA:135,12
DA:136,12
DA:138,0
DA:139,0
DA:141,0
DA:145,0
DA:146,0
DA:148,0
DA:151,45
DA:152,45
DA:154,57
DA:158,44
DA:159,44
DA:160,44
DA:162,0
DA:166,44
DA:167,44
DA:168,2
DA:170,42
DA:171,42
DA:172,42
DA:173,2
DA:174,2
DA:176,42
DA:180,2
DA:181,0
DA:183,2
DA:184,2
DA:185,0
DA:187,2
DA:191,49
DA:203,34
DA:204,34
DA:205,34
DA:206,34
DA:207,34
DA:208,34
DA:209,34
DA:210,1
DA:211,1
DA:215,34
DA:216,34
DA:217,0
DA:219,34
DA:220,102
DA:221,2
DA:225,34
DA:229,82
DA:230,77
DA:232,5
DA:233,5
DA:237,2
DA:238,2
DA:240,2
DA:241,2
DA:243,2
DA:244,2
DA:246,0
DA:247,0
DA:251,2
DA:252,2
DA:254,0
DA:255,0
DA:258,2
DA:259,2
DA:266,2
DA:267,0
DA:270,2
DA:271,2
DA:272,1
DA:274,1
DA:275,1
DA:279,2
DA:282,2
DA:283,2
DA:284,2
DA:288,45
DA:289,45
DA:290,37
DA:295,3
DA:296,3
DA:297,3
DA:299,3
DA:300,13
DA:301,0
DA:303,13
DA:304,13
DA:305,13
DA:307,13
DA:308,13
DA:309,13
DA:312,3
DA:313,12
DA:316,3
DA:317,1
DA:318,1
DA:321,3
DA:322,2
DA:326,36
DA:327,36
DA:328,35
DA:329,46
DA:330,46
DA:331,1
DA:332,1
DA:333,1
DA:336,45
DA:337,45
DA:339,1
DA:340,1
DA:341,1
DA:342,0
DA:344,1
DA:346,44
DA:347,2
DA:348,2
DA:349,1
DA:350,1
DA:351,1
DA:355,43
DA:356,43
DA:358,0
DA:359,0
DA:360,0
DA:361,0
DA:363,0
DA:365,43
DA:366,32
DA:368,11
DA:369,11
DA:370,9
DA:372,2
DA:373,2
DA:374,2
DA:375,1
DA:377,2
DA:380,41
DA:381,41
DA:382,41
DA:384,35
DA:390,1
DA:391,1
DA:392,1
DA:393,0
DA:396,36
DA:400,11
DA:401,1
DA:403,10
DA:404,1
DA:406,9
DA:410,13
DA:411,13
DA:412,13
DA:413,13
DA:414,12
DA:416,3
DA:417,3
DA:418,1
DA:419,1
DA:420,1
DA:421,1
DA:422,1
DA:423,1
DA:424,1
DA:426,1
DA:427,1
DA:428,1
DA:429,1
DA:433,1
DA:437,1
DA:441,1
DA:443,1
DA:444,1
DA:446,2
DA:447,1
DA:448,1
DA:449,1
DA:450,1
DA:462,1
DA:466,1
DA:478,1
DA:479,1
DA:480,1
DA:481,1
DA:482,1
DA:483,1
DA:484,1
DA:485,1
DA:486,1
DA:487,1
DA:488,1
DA:490,3
DA:493,13
DA:494,36
DA:495,1
DA:496,1
DA:498,35
DA:501,13
DA:502,2
DA:503,2
DA:504,2
DA:505,2
DA:506,2
DA:508,2
DA:509,1
DA:513,13
DA:514,2
DA:515,2
DA:516,2
DA:517,2
DA:518,2
DA:519,1
DA:520,1
DA:522,2
DA:523,1
DA:525,2
DA:528,11
DA:529,34
DA:530,34
DA:531,34
DA:532,34
DA:533,34
DA:539,11
DA:541,11
DA:542,9
DA:543,23
DA:546,2
DA:547,2
DA:550,34
DA:551,11
DA:552,11
DA:553,34
DA:564,11
DA:565,0
DA:566,0
DA:567,0
DA:569,0
DA:572,11
DA:573,4
DA:576,11
DA:577,1
DA:580,11
DA:584,5
DA:585,5
DA:594,5
DA:595,5
DA:597,5
DA:598,6
DA:599,4
DA:601,5
DA:602,3
DA:603,3
DA:604,5
DA:615,15
DA:616,5
DA:617,0
DA:618,0
DA:619,0
DA:621,0
DA:629,5
DA:630,1
DA:631,1
DA:632,1
DA:633,1
DA:635,1
DA:636,0
DA:643,5
DA:644,1
DA:649,10
DA:650,10
DA:651,10
DA:653,0
DA:657,10
DA:658,10
DA:659,0
DA:661,10
DA:662,10
DA:664,0
DA:665,0
DA:666,0
DA:667,0
DA:669,0
DA:670,0
DA:671,0
DA:672,0
DA:674,0
DA:675,0
DA:676,0
DA:680,2
DA:684,1
DA:688,3
DA:689,3
DA:690,2
DA:692,1
DA:697,3
DA:698,1
DA:699,1
DA:701,2
DA:702,2
DA:706,2
DA:707,2
DA:711,2
DA:712,2
DA:716,2
DA:717,2
DA:721,2
DA:722,4
DA:723,4
DA:724,4
DA:729,2
DA:730,2
DA:731,2
DA:732,2
DA:736,1
DA:737,1
DA:741,1
LF:378
LH:315
BRDA:22,0,0,6
BRDA:22,0,1,0
BRDA:26,1,0,7
BRDA:26,1,1,1
BRDA:33,2,0,3
BRDA:33,2,1,4
BRDA:37,3,0,4
BRDA:37,3,1,4
BRDA:41,4,0,7
BRDA:41,4,1,7
BRDA:41,5,0,14
BRDA:41,5,1,7
BRDA:49,6,0,6
BRDA:49,6,1,6
BRDA:53,7,0,6
BRDA:53,7,1,6
BRDA:57,8,0,2
BRDA:57,8,1,0
BRDA:61,9,0,0
BRDA:61,9,1,70
BRDA:68,10,0,4
BRDA:68,10,1,4
BRDA:68,10,2,4
BRDA:72,11,0,0
BRDA:72,11,1,1
BRDA:72,12,0,1
BRDA:72,12,1,1
BRDA:76,13,0,1
BRDA:76,13,1,0
BRDA:82,14,0,2
BRDA:82,14,1,0
BRDA:86,15,0,0
BRDA:86,15,1,0
BRDA:91,16,0,0
BRDA:91,16,1,0
BRDA:102,17,0,0
BRDA:102,17,1,0
BRDA:102,17,2,0
BRDA:102,17,3,0
BRDA:102,17,4,0
BRDA:115,18,0,0
BRDA:115,18,1,57
BRDA:119,19,0,0
BRDA:119,19,1,0
BRDA:125,20,0,12
BRDA:125,20,1,45
BRDA:125,21,0,57
BRDA:125,21,1,12
BRDA:138,22,0,0
BRDA:138,22,1,0
BRDA:145,23,0,0
BRDA:145,23,1,0
BRDA:152,24,0,45
BRDA:152,24,1,0
BRDA:159,25,0,44
BRDA:159,25,1,0
BRDA:159,26,0,44
BRDA:159,26,1,44
BRDA:167,27,0,2
BRDA:167,27,1,42
BRDA:167,28,0,44
BRDA:167,28,1,44
BRDA:172,29,0,44
BRDA:172,29,1,2
BRDA:176,30,0,40
BRDA:176,30,1,2
BRDA:176,31,0,42
BRDA:176,31,1,42
BRDA:180,32,0,0
BRDA:180,32,1,2
BRDA:184,33,0,0
BRDA:184,33,1,2
BRDA:187,34,0,2
BRDA:187,34,1,2
BRDA:208,35,0,34
BRDA:208,35,1,0
BRDA:210,36,0,1
BRDA:210,36,1,0
BRDA:215,37,0,34
BRDA:215,37,1,0
BRDA:216,38,0,0
BRDA:216,38,1,34
BRDA:220,39,0,2
BRDA:220,39,1,100
BRDA:221,40,0,2
BRDA:221,40,1,2
BRDA:229,41,0,77
BRDA:229,41,1,5
BRDA:266,42,0,0
BRDA:266,42,1,2
BRDA:271,43,0,1
BRDA:271,43,1,1
BRDA:289,44,0,37
BRDA:289,44,1,8
BRDA:300,45,0,0
BRDA:300,45,1,13
BRDA:312,46,0,15
BRDA:312,46,1,12
BRDA:325,47,0,2
BRDA:330,48,0,1
BRDA:330,48,1,45
BRDA:341,49,0,0
BRDA:341,49,1,1
BRDA:346,50,0,2
BRDA:346,50,1,42
BRDA:348,51,0,1
BRDA:348,51,1,1
BRDA:360,52,0,0
BRDA:360,52,1,0
BRDA:365,53,0,32
BRDA:365,53,1,11
BRDA:374,54,0,1
BRDA:374,54,1,1
BRDA:385,55,0,25
BRDA:385,55,1,10
BRDA:392,56,0,0
BRDA:392,56,1,1
BRDA:400,57,0,1
BRDA:400,57,1,10
BRDA:400,58,0,11
BRDA:400,58,1,1
BRDA:403,59,0,1
BRDA:403,59,1,9
BRDA:409,60,0,3
BRDA:413,61,0,10
BRDA:413,61,1,3
BRDA:413,62,0,13
BRDA:413,62,1,10
BRDA:417,63,0,1
BRDA:417,63,1,2
BRDA:418,64,0,1
BRDA:418,64,1,0
BRDA:423,65,0,1
BRDA:423,65,1,0
BRDA:426,66,0,1
BRDA:426,66,1,0
BRDA:428,67,0,1
BRDA:428,67,1,0
BRDA:443,68,0,1
BRDA:443,68,1,0
BRDA:446,69,0,1
BRDA:446,69,1,1
BRDA:494,70,0,1
BRDA:494,70,1,35
BRDA:501,71,0,2
BRDA:501,71,1,11
BRDA:501,72,0,13
BRDA:501,72,1,2
BRDA:505,73,0,2
BRDA:505,73,1,0
BRDA:508,74,0,1
BRDA:508,74,1,1
BRDA:513,75,0,2
BRDA:513,75,1,11
BRDA:518,76,0,1
BRDA:518,76,1,1
BRDA:522,77,0,1
BRDA:522,77,1,1
BRDA:541,78,0,9
BRDA:541,78,1,2
BRDA:562,79,0,34
BRDA:562,79,1,0
BRDA:564,80,0,0
BRDA:564,80,1,11
BRDA:566,81,0,0
BRDA:566,81,1,0
BRDA:572,82,0,4
BRDA:572,82,1,7
BRDA:576,83,0,1
BRDA:576,83,1,10
BRDA:576,84,0,11
BRDA:576,84,1,1
BRDA:583,85,0,0
BRDA:584,86,0,0
BRDA:584,87,0,0
BRDA:594,88,0,5
BRDA:594,88,1,0
BRDA:601,89,0,3
BRDA:601,89,1,2
BRDA:615,90,0,5
BRDA:615,90,1,0
BRDA:616,91,0,0
BRDA:616,91,1,5
BRDA:629,92,0,1
BRDA:629,92,1,4
BRDA:629,93,0,5
BRDA:629,93,1,5
BRDA:635,94,0,0
BRDA:635,94,1,1
BRDA:643,95,0,1
BRDA:643,95,1,4
BRDA:650,96,0,10
BRDA:650,96,1,0
BRDA:650,97,0,10
BRDA:650,97,1,10
BRDA:658,98,0,0
BRDA:658,98,1,10
BRDA:658,99,0,10
BRDA:658,99,1,10
BRDA:659,100,0,0
BRDA:659,100,1,0
BRDA:661,101,0,10
BRDA:661,101,1,0
BRDA:662,102,0,10
BRDA:662,102,1,0
BRDA:665,103,0,0
BRDA:665,103,1,0
BRDA:666,104,0,0
BRDA:666,104,1,0
BRDA:667,105,0,0
BRDA:667,105,1,0
BRDA:670,106,0,0
BRDA:670,106,1,0
BRDA:671,107,0,0
BRDA:671,107,1,0
BRDA:672,108,0,0
BRDA:672,108,1,0
BRDA:675,109,0,0
BRDA:675,109,1,0
BRDA:676,110,0,0
BRDA:676,110,1,0
BRDA:680,111,0,1
BRDA:680,111,1,1
BRDA:684,112,0,1
BRDA:684,112,1,0
BRDA:697,113,0,1
BRDA:697,113,1,2
BRDA:722,114,0,4
BRDA:722,114,1,0
BRDA:732,115,0,2
BRDA:732,115,1,0
BRF:231
BRH:153
end_of_record
TN:
SF:src\i18n.js
FN:11,normalizeLocale
FN:25,detectEnvLocale
FN:40,getLocale
FN:47,setLocaleOverride
FN:52,getRawValue
FN:65,formatString
FN:66,(anonymous_6)
FN:74,formatValue
FN:76,(anonymous_8)
FN:84,getFallbackValue
FN:88,getTranslationValue
FN:100,t
FNF:12
FNH:9
FNDA:2,normalizeLocale
FNDA:0,detectEnvLocale
FNDA:193,getLocale
FNDA:2,setLocaleOverride
FNDA:193,getRawValue
FNDA:139,formatString
FNDA:191,(anonymous_6)
FNDA:139,formatValue
FNDA:0,(anonymous_8)
FNDA:0,getFallbackValue
FNDA:193,getTranslationValue
FNDA:139,t
DA:1,1
DA:2,1
DA:4,1
DA:9,1
DA:12,2
DA:13,0
DA:15,2
DA:16,2
DA:17,1
DA:19,1
DA:20,1
DA:22,0
DA:26,0
DA:27,0
DA:28,0
DA:29,0
DA:31,0
DA:32,0
DA:33,0
DA:34,0
DA:37,0
DA:41,193
DA:42,193
DA:44,0
DA:48,2
DA:49,2
DA:53,193
DA:54,193
DA:55,193
DA:56,578
DA:57,578
DA:59,0
DA:62,193
DA:66,139
DA:67,191
DA:68,191
DA:70,0
DA:75,139
DA:76,0
DA:78,139
DA:79,139
DA:81,0
DA:85,0
DA:89,193
DA:90,193
DA:91,193
DA:92,193
DA:94,0
DA:95,0
DA:97,0
DA:101,139
DA:102,139
DA:103,0
DA:105,139
DA:108,1
LF:55
LH:34
BRDA:12,0,0,0
BRDA:12,0,1,2
BRDA:16,1,0,1
BRDA:16,1,1,1
BRDA:16,2,0,2
BRDA:16,2,1,1
BRDA:19,3,0,1
BRDA:19,3,1,0
BRDA:28,4,0,0
BRDA:28,4,1,0
BRDA:33,5,0,0
BRDA:33,5,1,0
BRDA:33,6,0,0
BRDA:33,6,1,0
BRDA:41,7,0,193
BRDA:41,7,1,0
BRDA:41,8,0,193
BRDA:41,8,1,193
BRDA:49,9,0,2
BRDA:49,9,1,0
BRDA:49,10,0,2
BRDA:49,10,1,2
BRDA:56,11,0,578
BRDA:56,11,1,0
BRDA:56,12,0,578
BRDA:56,12,1,578
BRDA:67,13,0,191
BRDA:67,13,1,0
BRDA:75,14,0,0
BRDA:75,14,1,139
BRDA:78,15,0,139
BRDA:78,15,1,0
BRDA:91,16,0,193
BRDA:91,16,1,0
BRDA:94,17,0,0
BRDA:94,17,1,0
BRDA:100,18,0,29
BRDA:102,19,0,0
BRDA:102,19,1,139
BRF:39
BRH:21
end_of_record
TN:
SF:src\logging.js
FN:6,getFileLogger
FN:27,log
FN:37,logError
FNF:3
FNH:2
FNDA:106,getFileLogger
FNDA:106,log
FNDA:0,logError
DA:1,1
DA:2,1
DA:4,1
DA:7,106
DA:8,0
DA:24,106
DA:29,106
DA:31,106
DA:32,106
DA:33,0
DA:38,0
DA:40,0
DA:41,0
DA:42,0
DA:46,1
LF:15
LH:9
BRDA:7,0,0,0
BRDA:7,0,1,106
BRDA:7,1,0,106
BRDA:7,1,1,106
BRDA:27,2,0,106
BRDA:32,3,0,0
BRDA:32,3,1,106
BRDA:41,4,0,0
BRDA:41,4,1,0
BRF:9
BRH:5
end_of_record
TN:
SF:src\state.js
FN:3,createDefaults
FN:37,resetState
FN:63,getOptions
FNF:3
FNH:3
FNDA:69,createDefaults
FNDA:68,resetState
FNDA:19,getOptions
DA:1,1
DA:4,69
DA:24,1
DA:26,1
DA:38,68
DA:39,68
DA:40,68
DA:41,68
DA:42,68
DA:43,68
DA:44,68
DA:45,68
DA:46,68
DA:47,68
DA:48,68
DA:49,68
DA:50,68
DA:51,68
DA:52,68
DA:53,68
DA:54,68
DA:55,68
DA:56,68
DA:57,68
DA:58,68
DA:59,68
DA:60,68
DA:64,19
DA:82,1
LF:29
LH:29
BRF:0
BRH:0
end_of_record
TN:
SF:src\utils\path.js
FN:3,normalizePath
FN:7,isWithin
FNF:2
FNH:2
FNDA:117,normalizePath
FNDA:5,isWithin
DA:1,1
DA:4,117
DA:8,5
DA:9,5
DA:12,1
LF:5
LH:5
BRDA:9,0,0,5
BRDA:9,0,1,3
BRDA:9,0,2,0
BRF:3
BRH:2
end_of_record
